{"meta": {"format": 3, "version": "7.10.7", "timestamp": "2025-10-10T12:22:48.211104", "branch_coverage": false, "show_contexts": false}, "files": {"src/sbir_cet_classifier/__init__.py": {"executed_lines": [0], "summary": {"covered_lines": 0, "num_statements": 0, "percent_covered": 100.0, "percent_covered_display": "100", "missing_lines": 0, "excluded_lines": 0}, "missing_lines": [], "excluded_lines": [], "functions": {"": {"executed_lines": [], "summary": {"covered_lines": 0, "num_statements": 0, "percent_covered": 100.0, "percent_covered_display": "100", "missing_lines": 0, "excluded_lines": 0}, "missing_lines": [], "excluded_lines": []}}, "classes": {"": {"executed_lines": [], "summary": {"covered_lines": 0, "num_statements": 0, "percent_covered": 100.0, "percent_covered_display": "100", "missing_lines": 0, "excluded_lines": 0}, "missing_lines": [], "excluded_lines": []}}}, "src/sbir_cet_classifier/api/__init__.py": {"executed_lines": [0], "summary": {"covered_lines": 0, "num_statements": 0, "percent_covered": 100.0, "percent_covered_display": "100", "missing_lines": 0, "excluded_lines": 0}, "missing_lines": [], "excluded_lines": [], "functions": {"": {"executed_lines": [], "summary": {"covered_lines": 0, "num_statements": 0, "percent_covered": 100.0, "percent_covered_display": "100", "missing_lines": 0, "excluded_lines": 0}, "missing_lines": [], "excluded_lines": []}}, "classes": {"": {"executed_lines": [], "summary": {"covered_lines": 0, "num_statements": 0, "percent_covered": 100.0, "percent_covered_display": "100", "missing_lines": 0, "excluded_lines": 0}, "missing_lines": [], "excluded_lines": []}}}, "src/sbir_cet_classifier/api/router.py": {"executed_lines": [1, 3, 5, 7, 9, 10, 11, 12, 14, 15, 16, 18, 19, 22, 26, 29, 30, 35, 38, 41, 42, 45, 46, 51, 54, 55, 58, 59, 63, 64, 73, 81, 86, 87, 94, 95], "summary": {"covered_lines": 35, "num_statements": 40, "percent_covered": 87.5, "percent_covered_display": "88", "missing_lines": 5, "excluded_lines": 0}, "missing_lines": [31, 47, 60, 88, 96], "excluded_lines": [], "functions": {"configure_summary_service": {"executed_lines": [26], "summary": {"covered_lines": 1, "num_statements": 1, "percent_covered": 100.0, "percent_covered_display": "100", "missing_lines": 0, "excluded_lines": 0}, "missing_lines": [], "excluded_lines": []}, "get_summary_service": {"executed_lines": [30, 35], "summary": {"covered_lines": 2, "num_statements": 3, "percent_covered": 66.66666666666667, "percent_covered_display": "67", "missing_lines": 1, "excluded_lines": 0}, "missing_lines": [31], "excluded_lines": []}, "configure_awards_service": {"executed_lines": [41, 42], "summary": {"covered_lines": 2, "num_statements": 2, "percent_covered": 100.0, "percent_covered_display": "100", "missing_lines": 0, "excluded_lines": 0}, "missing_lines": [], "excluded_lines": []}, "get_awards_service": {"executed_lines": [46, 51], "summary": {"covered_lines": 2, "num_statements": 3, "percent_covered": 66.66666666666667, "percent_covered_display": "67", "missing_lines": 1, "excluded_lines": 0}, "missing_lines": [47], "excluded_lines": []}, "_tuple": {"executed_lines": [55], "summary": {"covered_lines": 1, "num_statements": 1, "percent_covered": 100.0, "percent_covered_display": "100", "missing_lines": 0, "excluded_lines": 0}, "missing_lines": [], "excluded_lines": []}, "healthcheck": {"executed_lines": [], "summary": {"covered_lines": 0, "num_statements": 1, "percent_covered": 0.0, "percent_covered_display": "0", "missing_lines": 1, "excluded_lines": 0}, "missing_lines": [60], "excluded_lines": []}, "get_summary": {"executed_lines": [73, 81], "summary": {"covered_lines": 2, "num_statements": 2, "percent_covered": 100.0, "percent_covered_display": "100", "missing_lines": 0, "excluded_lines": 0}, "missing_lines": [], "excluded_lines": []}, "get_review_queue": {"executed_lines": [], "summary": {"covered_lines": 0, "num_statements": 1, "percent_covered": 0.0, "percent_covered_display": "0", "missing_lines": 1, "excluded_lines": 0}, "missing_lines": [88], "excluded_lines": []}, "trigger_refresh": {"executed_lines": [], "summary": {"covered_lines": 0, "num_statements": 1, "percent_covered": 0.0, "percent_covered_display": "0", "missing_lines": 1, "excluded_lines": 0}, "missing_lines": [96], "excluded_lines": []}, "": {"executed_lines": [1, 3, 5, 7, 9, 10, 11, 12, 14, 15, 16, 18, 19, 22, 29, 38, 45, 54, 58, 59, 63, 64, 86, 87, 94, 95], "summary": {"covered_lines": 25, "num_statements": 25, "percent_covered": 100.0, "percent_covered_display": "100", "missing_lines": 0, "excluded_lines": 0}, "missing_lines": [], "excluded_lines": []}}, "classes": {"": {"executed_lines": [1, 3, 5, 7, 9, 10, 11, 12, 14, 15, 16, 18, 19, 22, 26, 29, 30, 35, 38, 41, 42, 45, 46, 51, 54, 55, 58, 59, 63, 64, 73, 81, 86, 87, 94, 95], "summary": {"covered_lines": 35, "num_statements": 40, "percent_covered": 87.5, "percent_covered_display": "88", "missing_lines": 5, "excluded_lines": 0}, "missing_lines": [31, 47, 60, 88, 96], "excluded_lines": []}}}, "src/sbir_cet_classifier/api/routes/__init__.py": {"executed_lines": [1, 3], "summary": {"covered_lines": 1, "num_statements": 1, "percent_covered": 100.0, "percent_covered_display": "100", "missing_lines": 0, "excluded_lines": 0}, "missing_lines": [], "excluded_lines": [], "functions": {"": {"executed_lines": [1, 3], "summary": {"covered_lines": 1, "num_statements": 1, "percent_covered": 100.0, "percent_covered_display": "100", "missing_lines": 0, "excluded_lines": 0}, "missing_lines": [], "excluded_lines": []}}, "classes": {"": {"executed_lines": [1, 3], "summary": {"covered_lines": 1, "num_statements": 1, "percent_covered": 100.0, "percent_covered_display": "100", "missing_lines": 0, "excluded_lines": 0}, "missing_lines": [], "excluded_lines": []}}}, "src/sbir_cet_classifier/api/routes/awards.py": {"executed_lines": [1, 3, 5, 6, 8, 10, 12, 15, 18, 21, 23, 28, 31, 32, 43, 45, 56, 57, 60, 61, 63, 65, 66, 67, 68, 69, 75, 76, 84, 86, 95, 96, 97, 105], "summary": {"covered_lines": 33, "num_statements": 36, "percent_covered": 91.66666666666667, "percent_covered_display": "92", "missing_lines": 3, "excluded_lines": 0}, "missing_lines": [24, 98, 99], "excluded_lines": [], "functions": {"configure_awards_service": {"executed_lines": [18], "summary": {"covered_lines": 1, "num_statements": 1, "percent_covered": 100.0, "percent_covered_display": "100", "missing_lines": 0, "excluded_lines": 0}, "missing_lines": [], "excluded_lines": []}, "get_awards_service": {"executed_lines": [23, 28], "summary": {"covered_lines": 2, "num_statements": 3, "percent_covered": 66.66666666666667, "percent_covered_display": "67", "missing_lines": 1, "excluded_lines": 0}, "missing_lines": [24], "excluded_lines": []}, "list_awards": {"executed_lines": [43, 45, 56, 57], "summary": {"covered_lines": 4, "num_statements": 4, "percent_covered": 100.0, "percent_covered_display": "100", "missing_lines": 0, "excluded_lines": 0}, "missing_lines": [], "excluded_lines": []}, "get_award_detail": {"executed_lines": [63, 65, 66, 67, 68, 69], "summary": {"covered_lines": 6, "num_statements": 6, "percent_covered": 100.0, "percent_covered_display": "100", "missing_lines": 0, "excluded_lines": 0}, "missing_lines": [], "excluded_lines": []}, "get_cet_detail": {"executed_lines": [84, 86, 95, 96, 97], "summary": {"covered_lines": 5, "num_statements": 7, "percent_covered": 71.42857142857143, "percent_covered_display": "71", "missing_lines": 2, "excluded_lines": 0}, "missing_lines": [98, 99], "excluded_lines": []}, "": {"executed_lines": [1, 3, 5, 6, 8, 10, 12, 15, 21, 31, 32, 60, 61, 75, 76, 105], "summary": {"covered_lines": 15, "num_statements": 15, "percent_covered": 100.0, "percent_covered_display": "100", "missing_lines": 0, "excluded_lines": 0}, "missing_lines": [], "excluded_lines": []}}, "classes": {"": {"executed_lines": [1, 3, 5, 6, 8, 10, 12, 15, 18, 21, 23, 28, 31, 32, 43, 45, 56, 57, 60, 61, 63, 65, 66, 67, 68, 69, 75, 76, 84, 86, 95, 96, 97, 105], "summary": {"covered_lines": 33, "num_statements": 36, "percent_covered": 91.66666666666667, "percent_covered_display": "92", "missing_lines": 3, "excluded_lines": 0}, "missing_lines": [24, 98, 99], "excluded_lines": []}}}, "src/sbir_cet_classifier/api/routes/exports.py": {"executed_lines": [1, 3, 5, 6, 8, 9, 11, 14, 15, 17, 18, 19, 20, 21, 22, 23, 24, 27, 28, 69, 70, 84], "summary": {"covered_lines": 20, "num_statements": 38, "percent_covered": 52.63157894736842, "percent_covered_display": "53", "missing_lines": 18, "excluded_lines": 0}, "missing_lines": [30, 39, 40, 41, 42, 47, 51, 53, 54, 55, 57, 66, 72, 74, 75, 76, 77, 78], "excluded_lines": [], "functions": {"create_export": {"executed_lines": [], "summary": {"covered_lines": 0, "num_statements": 12, "percent_covered": 0.0, "percent_covered_display": "0", "missing_lines": 12, "excluded_lines": 0}, "missing_lines": [30, 39, 40, 41, 42, 47, 51, 53, 54, 55, 57, 66], "excluded_lines": []}, "get_export_status": {"executed_lines": [], "summary": {"covered_lines": 0, "num_statements": 6, "percent_covered": 0.0, "percent_covered_display": "0", "missing_lines": 6, "excluded_lines": 0}, "missing_lines": [72, 74, 75, 76, 77, 78], "excluded_lines": []}, "": {"executed_lines": [1, 3, 5, 6, 8, 9, 11, 14, 15, 17, 18, 19, 20, 21, 22, 23, 24, 27, 28, 69, 70, 84], "summary": {"covered_lines": 20, "num_statements": 20, "percent_covered": 100.0, "percent_covered_display": "100", "missing_lines": 0, "excluded_lines": 0}, "missing_lines": [], "excluded_lines": []}}, "classes": {"ExportRequest": {"executed_lines": [], "summary": {"covered_lines": 0, "num_statements": 0, "percent_covered": 100.0, "percent_covered_display": "100", "missing_lines": 0, "excluded_lines": 0}, "missing_lines": [], "excluded_lines": []}, "": {"executed_lines": [1, 3, 5, 6, 8, 9, 11, 14, 15, 17, 18, 19, 20, 21, 22, 23, 24, 27, 28, 69, 70, 84], "summary": {"covered_lines": 20, "num_statements": 38, "percent_covered": 52.63157894736842, "percent_covered_display": "53", "missing_lines": 18, "excluded_lines": 0}, "missing_lines": [30, 39, 40, 41, 42, 47, 51, 53, 54, 55, 57, 66, 72, 74, 75, 76, 77, 78], "excluded_lines": []}}}, "src/sbir_cet_classifier/cli/__init__.py": {"executed_lines": [0], "summary": {"covered_lines": 0, "num_statements": 0, "percent_covered": 100.0, "percent_covered_display": "100", "missing_lines": 0, "excluded_lines": 0}, "missing_lines": [], "excluded_lines": [], "functions": {"": {"executed_lines": [], "summary": {"covered_lines": 0, "num_statements": 0, "percent_covered": 100.0, "percent_covered_display": "100", "missing_lines": 0, "excluded_lines": 0}, "missing_lines": [], "excluded_lines": []}}, "classes": {"": {"executed_lines": [], "summary": {"covered_lines": 0, "num_statements": 0, "percent_covered": 100.0, "percent_covered_display": "100", "missing_lines": 0, "excluded_lines": 0}, "missing_lines": [], "excluded_lines": []}}}, "src/sbir_cet_classifier/cli/app.py": {"executed_lines": [1, 3, 5, 7, 9, 10, 11, 12, 13, 14, 16, 17, 18, 21, 22, 30, 31, 32, 33, 34, 35, 36, 41, 42, 47, 48, 59, 60, 65, 70, 71, 76, 77, 93, 97], "summary": {"covered_lines": 30, "num_statements": 31, "percent_covered": 96.7741935483871, "percent_covered_display": "97", "missing_lines": 1, "excluded_lines": 20}, "missing_lines": [44], "excluded_lines": [61, 62, 63, 76, 77, 78, 79, 80, 81, 82, 83, 84, 85, 86, 87, 88, 93, 94, 97, 98], "functions": {"refresh": {"executed_lines": [30, 31, 32, 33, 34, 35, 36, 41, 42], "summary": {"covered_lines": 9, "num_statements": 10, "percent_covered": 90.0, "percent_covered_display": "90", "missing_lines": 1, "excluded_lines": 0}, "missing_lines": [44], "excluded_lines": []}, "summary": {"executed_lines": [59, 60, 65, 70, 71], "summary": {"covered_lines": 5, "num_statements": 5, "percent_covered": 100.0, "percent_covered_display": "100", "missing_lines": 0, "excluded_lines": 3}, "missing_lines": [], "excluded_lines": [61, 62, 63]}, "review_queue": {"executed_lines": [], "summary": {"covered_lines": 0, "num_statements": 0, "percent_covered": 100.0, "percent_covered_display": "100", "missing_lines": 0, "excluded_lines": 8}, "missing_lines": [], "excluded_lines": [81, 82, 83, 84, 85, 86, 87, 88]}, "main": {"executed_lines": [], "summary": {"covered_lines": 0, "num_statements": 0, "percent_covered": 100.0, "percent_covered_display": "100", "missing_lines": 0, "excluded_lines": 1}, "missing_lines": [], "excluded_lines": [94]}, "": {"executed_lines": [1, 3, 5, 7, 9, 10, 11, 12, 13, 14, 16, 17, 18, 21, 22, 47, 48, 76, 77, 93, 97], "summary": {"covered_lines": 16, "num_statements": 16, "percent_covered": 100.0, "percent_covered_display": "100", "missing_lines": 0, "excluded_lines": 8}, "missing_lines": [], "excluded_lines": [76, 77, 78, 79, 80, 93, 97, 98]}}, "classes": {"": {"executed_lines": [1, 3, 5, 7, 9, 10, 11, 12, 13, 14, 16, 17, 18, 21, 22, 30, 31, 32, 33, 34, 35, 36, 41, 42, 47, 48, 59, 60, 65, 70, 71, 76, 77, 93, 97], "summary": {"covered_lines": 30, "num_statements": 31, "percent_covered": 96.7741935483871, "percent_covered_display": "97", "missing_lines": 1, "excluded_lines": 20}, "missing_lines": [44], "excluded_lines": [61, 62, 63, 76, 77, 78, 79, 80, 81, 82, 83, 84, 85, 86, 87, 88, 93, 94, 97, 98]}}}, "src/sbir_cet_classifier/cli/awards.py": {"executed_lines": [1, 3, 5, 6, 8, 10, 11, 13, 16, 17, 30, 31, 36, 47, 48, 51, 52, 56, 57, 62, 63, 64, 70, 71, 102], "summary": {"covered_lines": 24, "num_statements": 36, "percent_covered": 66.66666666666667, "percent_covered_display": "67", "missing_lines": 12, "excluded_lines": 9}, "missing_lines": [65, 66, 67, 79, 80, 85, 94, 95, 96, 97, 98, 99], "excluded_lines": [32, 33, 34, 58, 59, 60, 81, 82, 83], "functions": {"list_awards": {"executed_lines": [30, 31, 36, 47, 48], "summary": {"covered_lines": 5, "num_statements": 5, "percent_covered": 100.0, "percent_covered_display": "100", "missing_lines": 0, "excluded_lines": 3}, "missing_lines": [], "excluded_lines": [32, 33, 34]}, "show_award_detail": {"executed_lines": [56, 57, 62, 63, 64], "summary": {"covered_lines": 5, "num_statements": 8, "percent_covered": 62.5, "percent_covered_display": "62", "missing_lines": 3, "excluded_lines": 3}, "missing_lines": [65, 66, 67], "excluded_lines": [58, 59, 60]}, "show_cet_detail": {"executed_lines": [], "summary": {"covered_lines": 0, "num_statements": 9, "percent_covered": 0.0, "percent_covered_display": "0", "missing_lines": 9, "excluded_lines": 3}, "missing_lines": [79, 80, 85, 94, 95, 96, 97, 98, 99], "excluded_lines": [81, 82, 83]}, "": {"executed_lines": [1, 3, 5, 6, 8, 10, 11, 13, 16, 17, 51, 52, 70, 71, 102], "summary": {"covered_lines": 14, "num_statements": 14, "percent_covered": 100.0, "percent_covered_display": "100", "missing_lines": 0, "excluded_lines": 0}, "missing_lines": [], "excluded_lines": []}}, "classes": {"": {"executed_lines": [1, 3, 5, 6, 8, 10, 11, 13, 16, 17, 30, 31, 36, 47, 48, 51, 52, 56, 57, 62, 63, 64, 70, 71, 102], "summary": {"covered_lines": 24, "num_statements": 36, "percent_covered": 66.66666666666667, "percent_covered_display": "67", "missing_lines": 12, "excluded_lines": 9}, "missing_lines": [65, 66, 67, 79, 80, 85, 94, 95, 96, 97, 98, 99], "excluded_lines": [32, 33, 34, 58, 59, 60, 81, 82, 83]}}}, "src/sbir_cet_classifier/cli/export.py": {"executed_lines": [1, 3, 5, 6, 8, 10, 11, 13, 16, 17, 48, 49, 63], "summary": {"covered_lines": 12, "num_statements": 27, "percent_covered": 44.44444444444444, "percent_covered_display": "44", "missing_lines": 15, "excluded_lines": 0}, "missing_lines": [26, 33, 37, 39, 40, 43, 44, 45, 53, 55, 56, 57, 58, 59, 60], "excluded_lines": [], "functions": {"create_export": {"executed_lines": [], "summary": {"covered_lines": 0, "num_statements": 8, "percent_covered": 0.0, "percent_covered_display": "0", "missing_lines": 8, "excluded_lines": 0}, "missing_lines": [26, 33, 37, 39, 40, 43, 44, 45], "excluded_lines": []}, "export_status": {"executed_lines": [], "summary": {"covered_lines": 0, "num_statements": 7, "percent_covered": 0.0, "percent_covered_display": "0", "missing_lines": 7, "excluded_lines": 0}, "missing_lines": [53, 55, 56, 57, 58, 59, 60], "excluded_lines": []}, "": {"executed_lines": [1, 3, 5, 6, 8, 10, 11, 13, 16, 17, 48, 49, 63], "summary": {"covered_lines": 12, "num_statements": 12, "percent_covered": 100.0, "percent_covered_display": "100", "missing_lines": 0, "excluded_lines": 0}, "missing_lines": [], "excluded_lines": []}}, "classes": {"": {"executed_lines": [1, 3, 5, 6, 8, 10, 11, 13, 16, 17, 48, 49, 63], "summary": {"covered_lines": 12, "num_statements": 27, "percent_covered": 44.44444444444444, "percent_covered_display": "44", "missing_lines": 15, "excluded_lines": 0}, "missing_lines": [26, 33, 37, 39, 40, 43, 44, 45, 53, 55, 56, 57, 58, 59, 60], "excluded_lines": []}}}, "src/sbir_cet_classifier/common/__init__.py": {"executed_lines": [0], "summary": {"covered_lines": 0, "num_statements": 0, "percent_covered": 100.0, "percent_covered_display": "100", "missing_lines": 0, "excluded_lines": 0}, "missing_lines": [], "excluded_lines": [], "functions": {"": {"executed_lines": [], "summary": {"covered_lines": 0, "num_statements": 0, "percent_covered": 100.0, "percent_covered_display": "100", "missing_lines": 0, "excluded_lines": 0}, "missing_lines": [], "excluded_lines": []}}, "classes": {"": {"executed_lines": [], "summary": {"covered_lines": 0, "num_statements": 0, "percent_covered": 100.0, "percent_covered_display": "100", "missing_lines": 0, "excluded_lines": 0}, "missing_lines": [], "excluded_lines": []}}}, "src/sbir_cet_classifier/common/config.py": {"executed_lines": [1, 10, 12, 13, 14, 15, 17, 18, 19, 22, 23, 24, 26, 27, 28, 31, 32, 33, 35, 36, 37, 39, 40, 44, 45, 47, 50, 57, 58, 59, 60, 63, 64, 67, 72, 75], "summary": {"covered_lines": 33, "num_statements": 34, "percent_covered": 97.05882352941177, "percent_covered_display": "97", "missing_lines": 1, "excluded_lines": 0}, "missing_lines": [42], "excluded_lines": [], "functions": {"AppConfig.data_dir": {"executed_lines": [], "summary": {"covered_lines": 0, "num_statements": 1, "percent_covered": 0.0, "percent_covered_display": "0", "missing_lines": 1, "excluded_lines": 0}, "missing_lines": [42], "excluded_lines": []}, "AppConfig.artifacts_dir": {"executed_lines": [47], "summary": {"covered_lines": 1, "num_statements": 1, "percent_covered": 100.0, "percent_covered_display": "100", "missing_lines": 0, "excluded_lines": 0}, "missing_lines": [], "excluded_lines": []}, "_resolve_path": {"executed_lines": [57, 58, 59, 60], "summary": {"covered_lines": 4, "num_statements": 4, "percent_covered": 100.0, "percent_covered_display": "100", "missing_lines": 0, "excluded_lines": 0}, "missing_lines": [], "excluded_lines": []}, "load_config": {"executed_lines": [67, 72], "summary": {"covered_lines": 2, "num_statements": 2, "percent_covered": 100.0, "percent_covered_display": "100", "missing_lines": 0, "excluded_lines": 0}, "missing_lines": [], "excluded_lines": []}, "": {"executed_lines": [1, 10, 12, 13, 14, 15, 17, 18, 19, 22, 23, 24, 26, 27, 28, 31, 32, 33, 35, 36, 37, 39, 40, 44, 45, 50, 63, 64, 75], "summary": {"covered_lines": 26, "num_statements": 26, "percent_covered": 100.0, "percent_covered_display": "100", "missing_lines": 0, "excluded_lines": 0}, "missing_lines": [], "excluded_lines": []}}, "classes": {"StoragePaths": {"executed_lines": [], "summary": {"covered_lines": 0, "num_statements": 0, "percent_covered": 100.0, "percent_covered_display": "100", "missing_lines": 0, "excluded_lines": 0}, "missing_lines": [], "excluded_lines": []}, "AppConfig": {"executed_lines": [47], "summary": {"covered_lines": 1, "num_statements": 2, "percent_covered": 50.0, "percent_covered_display": "50", "missing_lines": 1, "excluded_lines": 0}, "missing_lines": [42], "excluded_lines": []}, "": {"executed_lines": [1, 10, 12, 13, 14, 15, 17, 18, 19, 22, 23, 24, 26, 27, 28, 31, 32, 33, 35, 36, 37, 39, 40, 44, 45, 50, 57, 58, 59, 60, 63, 64, 67, 72, 75], "summary": {"covered_lines": 32, "num_statements": 32, "percent_covered": 100.0, "percent_covered_display": "100", "missing_lines": 0, "excluded_lines": 0}, "missing_lines": [], "excluded_lines": []}}}, "src/sbir_cet_classifier/common/datetime_utils.py": {"executed_lines": [1, 3, 6, 24], "summary": {"covered_lines": 3, "num_statements": 3, "percent_covered": 100.0, "percent_covered_display": "100", "missing_lines": 0, "excluded_lines": 0}, "missing_lines": [], "excluded_lines": [], "functions": {"utc_now": {"executed_lines": [24], "summary": {"covered_lines": 1, "num_statements": 1, "percent_covered": 100.0, "percent_covered_display": "100", "missing_lines": 0, "excluded_lines": 0}, "missing_lines": [], "excluded_lines": []}, "": {"executed_lines": [1, 3, 6], "summary": {"covered_lines": 2, "num_statements": 2, "percent_covered": 100.0, "percent_covered_display": "100", "missing_lines": 0, "excluded_lines": 0}, "missing_lines": [], "excluded_lines": []}}, "classes": {"": {"executed_lines": [1, 3, 6, 24], "summary": {"covered_lines": 3, "num_statements": 3, "percent_covered": 100.0, "percent_covered_display": "100", "missing_lines": 0, "excluded_lines": 0}, "missing_lines": [], "excluded_lines": []}}}, "src/sbir_cet_classifier/common/json_log.py": {"executed_lines": [1, 3, 4, 5, 8, 9, 41, 48, 49, 51, 53, 62, 63, 65, 67, 68, 70, 76, 77, 79, 80, 82, 88, 89, 91, 96, 97], "summary": {"covered_lines": 25, "num_statements": 25, "percent_covered": 100.0, "percent_covered_display": "100", "missing_lines": 0, "excluded_lines": 1}, "missing_lines": [], "excluded_lines": [9], "functions": {"JsonLogManager.__init__": {"executed_lines": [48, 49, 51], "summary": {"covered_lines": 3, "num_statements": 3, "percent_covered": 100.0, "percent_covered_display": "100", "missing_lines": 0, "excluded_lines": 0}, "missing_lines": [], "excluded_lines": []}, "JsonLogManager.append": {"executed_lines": [62, 63, 65, 67, 68], "summary": {"covered_lines": 5, "num_statements": 5, "percent_covered": 100.0, "percent_covered_display": "100", "missing_lines": 0, "excluded_lines": 0}, "missing_lines": [], "excluded_lines": []}, "JsonLogManager.get_all": {"executed_lines": [76, 77, 79, 80], "summary": {"covered_lines": 4, "num_statements": 4, "percent_covered": 100.0, "percent_covered_display": "100", "missing_lines": 0, "excluded_lines": 0}, "missing_lines": [], "excluded_lines": []}, "JsonLogManager.get_latest": {"executed_lines": [88, 89], "summary": {"covered_lines": 2, "num_statements": 2, "percent_covered": 100.0, "percent_covered_display": "100", "missing_lines": 0, "excluded_lines": 0}, "missing_lines": [], "excluded_lines": []}, "JsonLogManager.clear": {"executed_lines": [96, 97], "summary": {"covered_lines": 2, "num_statements": 2, "percent_covered": 100.0, "percent_covered_display": "100", "missing_lines": 0, "excluded_lines": 0}, "missing_lines": [], "excluded_lines": []}, "": {"executed_lines": [1, 3, 4, 5, 8, 9, 41, 53, 70, 82, 91], "summary": {"covered_lines": 9, "num_statements": 9, "percent_covered": 100.0, "percent_covered_display": "100", "missing_lines": 0, "excluded_lines": 1}, "missing_lines": [], "excluded_lines": [9]}}, "classes": {"JsonLogManager": {"executed_lines": [48, 49, 51, 62, 63, 65, 67, 68, 76, 77, 79, 80, 88, 89, 96, 97], "summary": {"covered_lines": 16, "num_statements": 16, "percent_covered": 100.0, "percent_covered_display": "100", "missing_lines": 0, "excluded_lines": 0}, "missing_lines": [], "excluded_lines": []}, "": {"executed_lines": [1, 3, 4, 5, 8, 9, 41, 53, 70, 82, 91], "summary": {"covered_lines": 9, "num_statements": 9, "percent_covered": 100.0, "percent_covered_display": "100", "missing_lines": 0, "excluded_lines": 1}, "missing_lines": [], "excluded_lines": [9]}}}, "src/sbir_cet_classifier/common/performance.py": {"executed_lines": [1, 3, 4, 5, 6, 7, 9, 12, 13, 23, 50], "summary": {"covered_lines": 10, "num_statements": 40, "percent_covered": 25.0, "percent_covered_display": "25", "missing_lines": 30, "excluded_lines": 0}, "missing_lines": [15, 16, 17, 19, 20, 25, 26, 27, 28, 30, 31, 32, 34, 36, 37, 39, 40, 42, 43, 45, 47, 52, 53, 54, 55, 56, 58, 59, 61, 63], "excluded_lines": [], "functions": {"timer": {"executed_lines": [], "summary": {"covered_lines": 0, "num_statements": 5, "percent_covered": 0.0, "percent_covered_display": "0", "missing_lines": 5, "excluded_lines": 0}, "missing_lines": [15, 16, 17, 19, 20], "excluded_lines": []}, "profile_memory": {"executed_lines": [], "summary": {"covered_lines": 0, "num_statements": 3, "percent_covered": 0.0, "percent_covered_display": "0", "missing_lines": 3, "excluded_lines": 0}, "missing_lines": [25, 26, 47], "excluded_lines": []}, "profile_memory.wrapper": {"executed_lines": [], "summary": {"covered_lines": 0, "num_statements": 13, "percent_covered": 0.0, "percent_covered_display": "0", "missing_lines": 13, "excluded_lines": 0}, "missing_lines": [27, 28, 30, 31, 32, 34, 36, 37, 39, 40, 42, 43, 45], "excluded_lines": []}, "time_function": {"executed_lines": [], "summary": {"covered_lines": 0, "num_statements": 3, "percent_covered": 0.0, "percent_covered_display": "0", "missing_lines": 3, "excluded_lines": 0}, "missing_lines": [52, 53, 63], "excluded_lines": []}, "time_function.wrapper": {"executed_lines": [], "summary": {"covered_lines": 0, "num_statements": 6, "percent_covered": 0.0, "percent_covered_display": "0", "missing_lines": 6, "excluded_lines": 0}, "missing_lines": [54, 55, 56, 58, 59, 61], "excluded_lines": []}, "": {"executed_lines": [1, 3, 4, 5, 6, 7, 9, 12, 13, 23, 50], "summary": {"covered_lines": 10, "num_statements": 10, "percent_covered": 100.0, "percent_covered_display": "100", "missing_lines": 0, "excluded_lines": 0}, "missing_lines": [], "excluded_lines": []}}, "classes": {"": {"executed_lines": [1, 3, 4, 5, 6, 7, 9, 12, 13, 23, 50], "summary": {"covered_lines": 10, "num_statements": 40, "percent_covered": 25.0, "percent_covered_display": "25", "missing_lines": 30, "excluded_lines": 0}, "missing_lines": [15, 16, 17, 19, 20, 25, 26, 27, 28, 30, 31, 32, 34, 36, 37, 39, 40, 42, 43, 45, 47, 52, 53, 54, 55, 56, 58, 59, 61, 63], "excluded_lines": []}}}, "src/sbir_cet_classifier/common/schemas.py": {"executed_lines": [1, 3, 5, 6, 7, 9, 12, 13, 15, 16, 17, 18, 19, 20, 21, 22, 23, 24, 25, 26, 27, 28, 29, 30, 31, 32, 34, 35, 36, 37, 39, 40, 42, 43, 46, 47, 49, 50, 51, 52, 53, 54, 55, 56, 58, 59, 60, 62, 65, 66, 68, 69, 70, 72, 73, 74, 75, 76, 78, 81, 82, 84, 85, 86, 87, 88, 89, 90, 91, 92, 93, 94, 96, 97, 98, 100, 102, 104, 107, 108, 110, 111, 112, 113, 114, 115, 116, 117, 118, 120, 121, 122, 124, 127], "summary": {"covered_lines": 88, "num_statements": 95, "percent_covered": 92.63157894736842, "percent_covered_display": "93", "missing_lines": 7, "excluded_lines": 0}, "missing_lines": [38, 61, 77, 99, 101, 103, 123], "excluded_lines": [], "functions": {"Award._normalise_keywords": {"executed_lines": [37, 39, 40, 42, 43], "summary": {"covered_lines": 5, "num_statements": 6, "percent_covered": 83.33333333333333, "percent_covered_display": "83", "missing_lines": 1, "excluded_lines": 0}, "missing_lines": [38], "excluded_lines": []}, "CETArea._validate_dates": {"executed_lines": [60, 62], "summary": {"covered_lines": 2, "num_statements": 3, "percent_covered": 66.66666666666667, "percent_covered_display": "67", "missing_lines": 1, "excluded_lines": 0}, "missing_lines": [61], "excluded_lines": []}, "EvidenceStatement._limit_word_count": {"executed_lines": [75, 76, 78], "summary": {"covered_lines": 3, "num_statements": 4, "percent_covered": 75.0, "percent_covered_display": "75", "missing_lines": 1, "excluded_lines": 0}, "missing_lines": [77], "excluded_lines": []}, "ApplicabilityAssessment._validate_supporting": {"executed_lines": [98, 100, 102, 104], "summary": {"covered_lines": 4, "num_statements": 7, "percent_covered": 57.142857142857146, "percent_covered_display": "57", "missing_lines": 3, "excluded_lines": 0}, "missing_lines": [99, 101, 103], "excluded_lines": []}, "ReviewQueueItem._validate_dates": {"executed_lines": [122, 124], "summary": {"covered_lines": 2, "num_statements": 3, "percent_covered": 66.66666666666667, "percent_covered_display": "67", "missing_lines": 1, "excluded_lines": 0}, "missing_lines": [123], "excluded_lines": []}, "": {"executed_lines": [1, 3, 5, 6, 7, 9, 12, 13, 15, 16, 17, 18, 19, 20, 21, 22, 23, 24, 25, 26, 27, 28, 29, 30, 31, 32, 34, 35, 36, 46, 47, 49, 50, 51, 52, 53, 54, 55, 56, 58, 59, 65, 66, 68, 69, 70, 72, 73, 74, 81, 82, 84, 85, 86, 87, 88, 89, 90, 91, 92, 93, 94, 96, 97, 107, 108, 110, 111, 112, 113, 114, 115, 116, 117, 118, 120, 121, 127], "summary": {"covered_lines": 72, "num_statements": 72, "percent_covered": 100.0, "percent_covered_display": "100", "missing_lines": 0, "excluded_lines": 0}, "missing_lines": [], "excluded_lines": []}}, "classes": {"Award": {"executed_lines": [37, 39, 40, 42, 43], "summary": {"covered_lines": 5, "num_statements": 6, "percent_covered": 83.33333333333333, "percent_covered_display": "83", "missing_lines": 1, "excluded_lines": 0}, "missing_lines": [38], "excluded_lines": []}, "CETArea": {"executed_lines": [60, 62], "summary": {"covered_lines": 2, "num_statements": 3, "percent_covered": 66.66666666666667, "percent_covered_display": "67", "missing_lines": 1, "excluded_lines": 0}, "missing_lines": [61], "excluded_lines": []}, "EvidenceStatement": {"executed_lines": [75, 76, 78], "summary": {"covered_lines": 3, "num_statements": 4, "percent_covered": 75.0, "percent_covered_display": "75", "missing_lines": 1, "excluded_lines": 0}, "missing_lines": [77], "excluded_lines": []}, "ApplicabilityAssessment": {"executed_lines": [98, 100, 102, 104], "summary": {"covered_lines": 4, "num_statements": 7, "percent_covered": 57.142857142857146, "percent_covered_display": "57", "missing_lines": 3, "excluded_lines": 0}, "missing_lines": [99, 101, 103], "excluded_lines": []}, "ReviewQueueItem": {"executed_lines": [122, 124], "summary": {"covered_lines": 2, "num_statements": 3, "percent_covered": 66.66666666666667, "percent_covered_display": "67", "missing_lines": 1, "excluded_lines": 0}, "missing_lines": [123], "excluded_lines": []}, "": {"executed_lines": [1, 3, 5, 6, 7, 9, 12, 13, 15, 16, 17, 18, 19, 20, 21, 22, 23, 24, 25, 26, 27, 28, 29, 30, 31, 32, 34, 35, 36, 46, 47, 49, 50, 51, 52, 53, 54, 55, 56, 58, 59, 65, 66, 68, 69, 70, 72, 73, 74, 81, 82, 84, 85, 86, 87, 88, 89, 90, 91, 92, 93, 94, 96, 97, 107, 108, 110, 111, 112, 113, 114, 115, 116, 117, 118, 120, 121, 127], "summary": {"covered_lines": 72, "num_statements": 72, "percent_covered": 100.0, "percent_covered_display": "100", "missing_lines": 0, "excluded_lines": 0}, "missing_lines": [], "excluded_lines": []}}}, "src/sbir_cet_classifier/common/serialization.py": {"executed_lines": [1, 3, 4, 5, 8, 23, 24, 27, 28, 29, 58, 64, 66, 67, 68, 69, 70, 71, 72, 73, 74, 75, 77, 79, 80, 81, 82, 83, 85], "summary": {"covered_lines": 27, "num_statements": 27, "percent_covered": 100.0, "percent_covered_display": "100", "missing_lines": 0, "excluded_lines": 0}, "missing_lines": [], "excluded_lines": [], "functions": {"to_camel_case": {"executed_lines": [23, 24], "summary": {"covered_lines": 2, "num_statements": 2, "percent_covered": 100.0, "percent_covered_display": "100", "missing_lines": 0, "excluded_lines": 0}, "missing_lines": [], "excluded_lines": []}, "SerializableDataclass.as_dict": {"executed_lines": [64, 79, 80, 81, 82, 83, 85], "summary": {"covered_lines": 7, "num_statements": 7, "percent_covered": 100.0, "percent_covered_display": "100", "missing_lines": 0, "excluded_lines": 0}, "missing_lines": [], "excluded_lines": []}, "SerializableDataclass.as_dict.serialize_value": {"executed_lines": [66, 67, 68, 69, 70, 71, 72, 73, 74, 75, 77], "summary": {"covered_lines": 11, "num_statements": 11, "percent_covered": 100.0, "percent_covered_display": "100", "missing_lines": 0, "excluded_lines": 0}, "missing_lines": [], "excluded_lines": []}, "": {"executed_lines": [1, 3, 4, 5, 8, 27, 28, 29, 58], "summary": {"covered_lines": 7, "num_statements": 7, "percent_covered": 100.0, "percent_covered_display": "100", "missing_lines": 0, "excluded_lines": 0}, "missing_lines": [], "excluded_lines": []}}, "classes": {"SerializableDataclass": {"executed_lines": [64, 66, 67, 68, 69, 70, 71, 72, 73, 74, 75, 77, 79, 80, 81, 82, 83, 85], "summary": {"covered_lines": 18, "num_statements": 18, "percent_covered": 100.0, "percent_covered_display": "100", "missing_lines": 0, "excluded_lines": 0}, "missing_lines": [], "excluded_lines": []}, "": {"executed_lines": [1, 3, 4, 5, 8, 23, 24, 27, 28, 29, 58], "summary": {"covered_lines": 9, "num_statements": 9, "percent_covered": 100.0, "percent_covered_display": "100", "missing_lines": 0, "excluded_lines": 0}, "missing_lines": [], "excluded_lines": []}}}, "src/sbir_cet_classifier/common/service_registry.py": {"executed_lines": [1, 3, 5, 7, 10, 11, 28, 30, 32, 39, 41, 54, 55, 56, 60, 62, 71, 73, 79, 81, 83, 87, 90, 96], "summary": {"covered_lines": 22, "num_statements": 22, "percent_covered": 100.0, "percent_covered_display": "100", "missing_lines": 0, "excluded_lines": 0}, "missing_lines": [], "excluded_lines": [], "functions": {"ServiceRegistry.__init__": {"executed_lines": [30], "summary": {"covered_lines": 1, "num_statements": 1, "percent_covered": 100.0, "percent_covered_display": "100", "missing_lines": 0, "excluded_lines": 0}, "missing_lines": [], "excluded_lines": []}, "ServiceRegistry.register": {"executed_lines": [39], "summary": {"covered_lines": 1, "num_statements": 1, "percent_covered": 100.0, "percent_covered_display": "100", "missing_lines": 0, "excluded_lines": 0}, "missing_lines": [], "excluded_lines": []}, "ServiceRegistry.get": {"executed_lines": [54, 55, 56, 60], "summary": {"covered_lines": 4, "num_statements": 4, "percent_covered": 100.0, "percent_covered_display": "100", "missing_lines": 0, "excluded_lines": 0}, "missing_lines": [], "excluded_lines": []}, "ServiceRegistry.is_registered": {"executed_lines": [71], "summary": {"covered_lines": 1, "num_statements": 1, "percent_covered": 100.0, "percent_covered_display": "100", "missing_lines": 0, "excluded_lines": 0}, "missing_lines": [], "excluded_lines": []}, "ServiceRegistry.unregister": {"executed_lines": [79], "summary": {"covered_lines": 1, "num_statements": 1, "percent_covered": 100.0, "percent_covered_display": "100", "missing_lines": 0, "excluded_lines": 0}, "missing_lines": [], "excluded_lines": []}, "ServiceRegistry.clear": {"executed_lines": [83], "summary": {"covered_lines": 1, "num_statements": 1, "percent_covered": 100.0, "percent_covered_display": "100", "missing_lines": 0, "excluded_lines": 0}, "missing_lines": [], "excluded_lines": []}, "get_registry": {"executed_lines": [96], "summary": {"covered_lines": 1, "num_statements": 1, "percent_covered": 100.0, "percent_covered_display": "100", "missing_lines": 0, "excluded_lines": 0}, "missing_lines": [], "excluded_lines": []}, "": {"executed_lines": [1, 3, 5, 7, 10, 11, 28, 32, 41, 62, 73, 81, 87, 90], "summary": {"covered_lines": 12, "num_statements": 12, "percent_covered": 100.0, "percent_covered_display": "100", "missing_lines": 0, "excluded_lines": 0}, "missing_lines": [], "excluded_lines": []}}, "classes": {"ServiceRegistry": {"executed_lines": [30, 39, 54, 55, 56, 60, 71, 79, 83], "summary": {"covered_lines": 9, "num_statements": 9, "percent_covered": 100.0, "percent_covered_display": "100", "missing_lines": 0, "excluded_lines": 0}, "missing_lines": [], "excluded_lines": []}, "": {"executed_lines": [1, 3, 5, 7, 10, 11, 28, 32, 41, 62, 73, 81, 87, 90, 96], "summary": {"covered_lines": 13, "num_statements": 13, "percent_covered": 100.0, "percent_covered_display": "100", "missing_lines": 0, "excluded_lines": 0}, "missing_lines": [], "excluded_lines": []}}}, "src/sbir_cet_classifier/data/__init__.py": {"executed_lines": [0], "summary": {"covered_lines": 0, "num_statements": 0, "percent_covered": 100.0, "percent_covered_display": "100", "missing_lines": 0, "excluded_lines": 0}, "missing_lines": [], "excluded_lines": [], "functions": {"": {"executed_lines": [], "summary": {"covered_lines": 0, "num_statements": 0, "percent_covered": 100.0, "percent_covered_display": "100", "missing_lines": 0, "excluded_lines": 0}, "missing_lines": [], "excluded_lines": []}}, "classes": {"": {"executed_lines": [], "summary": {"covered_lines": 0, "num_statements": 0, "percent_covered": 100.0, "percent_covered_display": "100", "missing_lines": 0, "excluded_lines": 0}, "missing_lines": [], "excluded_lines": []}}}, "src/sbir_cet_classifier/data/bootstrap.py": {"executed_lines": [1, 15, 17, 18, 19, 20, 21, 23, 24, 26, 27, 29, 32, 50, 58, 73, 117, 118, 119, 121, 122, 124, 125, 127, 128, 130, 131, 133, 134, 136, 137, 140, 141, 144, 167, 168, 170, 172, 173, 177, 178, 180, 183, 184, 185, 188, 191, 192, 194, 204, 214, 223, 224, 226, 227, 228, 229, 231, 232, 234, 235, 236, 238, 239, 242, 243, 245, 248, 257, 258, 260, 261, 267, 277, 278, 280, 281, 282, 283, 284, 285, 286, 294, 296, 299, 309, 319, 320, 322, 323, 326, 328, 330, 331, 333, 334, 336, 337, 338, 339, 340, 341, 343, 345, 348, 349, 351, 354, 355, 357, 360, 361, 363, 364, 366, 367, 372, 375, 376, 379, 381, 382, 384, 385, 387, 388, 389, 393, 396, 409, 410, 411, 412, 413, 416, 425, 428, 429, 432, 433, 434, 435, 437], "summary": {"covered_lines": 140, "num_statements": 146, "percent_covered": 95.89041095890411, "percent_covered_display": "96", "missing_lines": 6, "excluded_lines": 0}, "missing_lines": [174, 175, 365, 370, 390, 391], "excluded_lines": [], "functions": {"load_bootstrap_csv": {"executed_lines": [167, 168, 170, 172, 173, 177, 178, 180, 183, 184, 185, 188, 191, 192, 194, 204], "summary": {"covered_lines": 16, "num_statements": 18, "percent_covered": 88.88888888888889, "percent_covered_display": "89", "missing_lines": 2, "excluded_lines": 0}, "missing_lines": [174, 175], "excluded_lines": []}, "_apply_column_mappings": {"executed_lines": [223, 224, 226, 227, 228, 229, 231, 232, 234, 235, 236, 238, 239, 242, 243, 245], "summary": {"covered_lines": 16, "num_statements": 16, "percent_covered": 100.0, "percent_covered_display": "100", "missing_lines": 0, "excluded_lines": 0}, "missing_lines": [], "excluded_lines": []}, "_validate_required_columns": {"executed_lines": [257, 258, 260, 261], "summary": {"covered_lines": 4, "num_statements": 4, "percent_covered": 100.0, "percent_covered_display": "100", "missing_lines": 0, "excluded_lines": 0}, "missing_lines": [], "excluded_lines": []}, "_convert_to_awards": {"executed_lines": [277, 278, 280, 281, 282, 283, 284, 285, 286, 294, 296], "summary": {"covered_lines": 11, "num_statements": 11, "percent_covered": 100.0, "percent_covered_display": "100", "missing_lines": 0, "excluded_lines": 0}, "missing_lines": [], "excluded_lines": []}, "_prepare_award_dict": {"executed_lines": [309, 319, 320, 322, 323, 326, 328, 330, 331, 333, 334, 336, 337, 338, 339, 340, 341, 343, 345, 348, 349, 351, 354, 355, 357, 360, 361, 363, 364, 366, 367, 372, 375, 376, 379, 381, 382, 384, 385, 387, 388, 389, 393], "summary": {"covered_lines": 43, "num_statements": 47, "percent_covered": 91.48936170212765, "percent_covered_display": "91", "missing_lines": 4, "excluded_lines": 0}, "missing_lines": [365, 370, 390, 391], "excluded_lines": []}, "_parse_amount": {"executed_lines": [409, 410, 411, 412, 413], "summary": {"covered_lines": 5, "num_statements": 5, "percent_covered": 100.0, "percent_covered_display": "100", "missing_lines": 0, "excluded_lines": 0}, "missing_lines": [], "excluded_lines": []}, "_parse_award_date": {"executed_lines": [425, 428, 429, 432, 433, 434, 435, 437], "summary": {"covered_lines": 8, "num_statements": 8, "percent_covered": 100.0, "percent_covered_display": "100", "missing_lines": 0, "excluded_lines": 0}, "missing_lines": [], "excluded_lines": []}, "": {"executed_lines": [1, 15, 17, 18, 19, 20, 21, 23, 24, 26, 27, 29, 32, 50, 58, 73, 117, 118, 119, 121, 122, 124, 125, 127, 128, 130, 131, 133, 134, 136, 137, 140, 141, 144, 214, 248, 267, 299, 396, 416], "summary": {"covered_lines": 37, "num_statements": 37, "percent_covered": 100.0, "percent_covered_display": "100", "missing_lines": 0, "excluded_lines": 0}, "missing_lines": [], "excluded_lines": []}}, "classes": {"BootstrapResult": {"executed_lines": [], "summary": {"covered_lines": 0, "num_statements": 0, "percent_covered": 100.0, "percent_covered_display": "100", "missing_lines": 0, "excluded_lines": 0}, "missing_lines": [], "excluded_lines": []}, "BootstrapCSVError": {"executed_lines": [], "summary": {"covered_lines": 0, "num_statements": 0, "percent_covered": 100.0, "percent_covered_display": "100", "missing_lines": 0, "excluded_lines": 0}, "missing_lines": [], "excluded_lines": []}, "": {"executed_lines": [1, 15, 17, 18, 19, 20, 21, 23, 24, 26, 27, 29, 32, 50, 58, 73, 117, 118, 119, 121, 122, 124, 125, 127, 128, 130, 131, 133, 134, 136, 137, 140, 141, 144, 167, 168, 170, 172, 173, 177, 178, 180, 183, 184, 185, 188, 191, 192, 194, 204, 214, 223, 224, 226, 227, 228, 229, 231, 232, 234, 235, 236, 238, 239, 242, 243, 245, 248, 257, 258, 260, 261, 267, 277, 278, 280, 281, 282, 283, 284, 285, 286, 294, 296, 299, 309, 319, 320, 322, 323, 326, 328, 330, 331, 333, 334, 336, 337, 338, 339, 340, 341, 343, 345, 348, 349, 351, 354, 355, 357, 360, 361, 363, 364, 366, 367, 372, 375, 376, 379, 381, 382, 384, 385, 387, 388, 389, 393, 396, 409, 410, 411, 412, 413, 416, 425, 428, 429, 432, 433, 434, 435, 437], "summary": {"covered_lines": 140, "num_statements": 146, "percent_covered": 95.89041095890411, "percent_covered_display": "96", "missing_lines": 6, "excluded_lines": 0}, "missing_lines": [174, 175, 365, 370, 390, 391], "excluded_lines": []}}}, "src/sbir_cet_classifier/data/external/__init__.py": {"executed_lines": [1, 3, 4, 5, 7], "summary": {"covered_lines": 4, "num_statements": 4, "percent_covered": 100.0, "percent_covered_display": "100", "missing_lines": 0, "excluded_lines": 0}, "missing_lines": [], "excluded_lines": [], "functions": {"": {"executed_lines": [1, 3, 4, 5, 7], "summary": {"covered_lines": 4, "num_statements": 4, "percent_covered": 100.0, "percent_covered_display": "100", "missing_lines": 0, "excluded_lines": 0}, "missing_lines": [], "excluded_lines": []}}, "classes": {"": {"executed_lines": [1, 3, 4, 5, 7], "summary": {"covered_lines": 4, "num_statements": 4, "percent_covered": 100.0, "percent_covered_display": "100", "missing_lines": 0, "excluded_lines": 0}, "missing_lines": [], "excluded_lines": []}}}, "src/sbir_cet_classifier/data/external/grants_gov.py": {"executed_lines": [1, 19, 21, 22, 24, 26, 29, 30, 31, 34, 35, 36, 38, 39, 41, 42, 44, 45, 47, 48, 51, 52, 55, 56, 67, 79, 80, 81, 83, 85, 87, 89, 91, 93, 95, 120, 121, 124, 125, 127, 132, 133, 135, 136, 137, 139, 140, 144, 146, 147, 148, 150, 151, 152, 154, 168, 169, 174, 176, 177, 179, 193, 196, 197, 198, 199, 202, 205, 206, 208, 210, 213, 215, 216, 217, 220, 222, 236, 245, 248, 255, 256, 257, 258, 259, 263, 264, 265, 266, 267, 270], "summary": {"covered_lines": 87, "num_statements": 91, "percent_covered": 95.6043956043956, "percent_covered_display": "96", "missing_lines": 4, "excluded_lines": 0}, "missing_lines": [229, 230, 234, 260], "excluded_lines": [], "functions": {"GrantsGovClient.__init__": {"executed_lines": [79, 80, 81], "summary": {"covered_lines": 3, "num_statements": 3, "percent_covered": 100.0, "percent_covered_display": "100", "missing_lines": 0, "excluded_lines": 0}, "missing_lines": [], "excluded_lines": []}, "GrantsGovClient.__enter__": {"executed_lines": [85], "summary": {"covered_lines": 1, "num_statements": 1, "percent_covered": 100.0, "percent_covered_display": "100", "missing_lines": 0, "excluded_lines": 0}, "missing_lines": [], "excluded_lines": []}, "GrantsGovClient.__exit__": {"executed_lines": [89], "summary": {"covered_lines": 1, "num_statements": 1, "percent_covered": 100.0, "percent_covered_display": "100", "missing_lines": 0, "excluded_lines": 0}, "missing_lines": [], "excluded_lines": []}, "GrantsGovClient.close": {"executed_lines": [93], "summary": {"covered_lines": 1, "num_statements": 1, "percent_covered": 100.0, "percent_covered_display": "100", "missing_lines": 0, "excluded_lines": 0}, "missing_lines": [], "excluded_lines": []}, "GrantsGovClient.lookup_solicitation": {"executed_lines": [120, 121, 124, 125, 127, 132, 133, 135, 136, 137, 139, 140, 144, 146, 147, 148, 150, 151, 152], "summary": {"covered_lines": 19, "num_statements": 19, "percent_covered": 100.0, "percent_covered_display": "100", "missing_lines": 0, "excluded_lines": 0}, "missing_lines": [], "excluded_lines": []}, "GrantsGovClient._make_request": {"executed_lines": [168, 169, 174, 176, 177], "summary": {"covered_lines": 5, "num_statements": 5, "percent_covered": 100.0, "percent_covered_display": "100", "missing_lines": 0, "excluded_lines": 0}, "missing_lines": [], "excluded_lines": []}, "GrantsGovClient._parse_response": {"executed_lines": [193, 196, 197, 198, 199, 202, 205, 206, 208, 210, 213, 215, 216, 217, 220, 222], "summary": {"covered_lines": 16, "num_statements": 19, "percent_covered": 84.21052631578948, "percent_covered_display": "84", "missing_lines": 3, "excluded_lines": 0}, "missing_lines": [229, 230, 234], "excluded_lines": []}, "GrantsGovClient._extract_keywords": {"executed_lines": [245, 248, 255, 256, 257, 258, 259, 263, 264, 265, 266, 267, 270], "summary": {"covered_lines": 13, "num_statements": 14, "percent_covered": 92.85714285714286, "percent_covered_display": "93", "missing_lines": 1, "excluded_lines": 0}, "missing_lines": [260], "excluded_lines": []}, "": {"executed_lines": [1, 19, 21, 22, 24, 26, 29, 30, 31, 34, 35, 36, 38, 39, 41, 42, 44, 45, 47, 48, 51, 52, 55, 56, 67, 83, 87, 91, 95, 154, 179, 236], "summary": {"covered_lines": 28, "num_statements": 28, "percent_covered": 100.0, "percent_covered_display": "100", "missing_lines": 0, "excluded_lines": 0}, "missing_lines": [], "excluded_lines": []}}, "classes": {"SolicitationData": {"executed_lines": [], "summary": {"covered_lines": 0, "num_statements": 0, "percent_covered": 100.0, "percent_covered_display": "100", "missing_lines": 0, "excluded_lines": 0}, "missing_lines": [], "excluded_lines": []}, "GrantsGovAPIError": {"executed_lines": [], "summary": {"covered_lines": 0, "num_statements": 0, "percent_covered": 100.0, "percent_covered_display": "100", "missing_lines": 0, "excluded_lines": 0}, "missing_lines": [], "excluded_lines": []}, "GrantsGovClient": {"executed_lines": [79, 80, 81, 85, 89, 93, 120, 121, 124, 125, 127, 132, 133, 135, 136, 137, 139, 140, 144, 146, 147, 148, 150, 151, 152, 168, 169, 174, 176, 177, 193, 196, 197, 198, 199, 202, 205, 206, 208, 210, 213, 215, 216, 217, 220, 222, 245, 248, 255, 256, 257, 258, 259, 263, 264, 265, 266, 267, 270], "summary": {"covered_lines": 59, "num_statements": 63, "percent_covered": 93.65079365079364, "percent_covered_display": "94", "missing_lines": 4, "excluded_lines": 0}, "missing_lines": [229, 230, 234, 260], "excluded_lines": []}, "": {"executed_lines": [1, 19, 21, 22, 24, 26, 29, 30, 31, 34, 35, 36, 38, 39, 41, 42, 44, 45, 47, 48, 51, 52, 55, 56, 67, 83, 87, 91, 95, 154, 179, 236], "summary": {"covered_lines": 28, "num_statements": 28, "percent_covered": 100.0, "percent_covered_display": "100", "missing_lines": 0, "excluded_lines": 0}, "missing_lines": [], "excluded_lines": []}}}, "src/sbir_cet_classifier/data/external/nih.py": {"executed_lines": [1, 16, 18, 19, 21, 23, 26, 27, 28, 31, 32, 33, 35, 36, 38, 39, 41, 42, 44, 45, 48, 49, 52, 53, 64, 76, 77, 78, 80, 82, 84, 86, 88, 90, 92, 117, 118, 120, 121, 123, 128, 129, 131, 132, 133, 135, 136, 138, 140, 141, 142, 144, 145, 146, 148, 163, 166, 174, 176, 177, 179, 193, 195, 196, 197, 198, 201, 204, 210, 211, 212, 213, 214, 216, 217, 218, 220, 223, 225, 239, 248, 251, 252, 253, 256, 257, 258, 259, 260, 263, 264, 265, 268, 269, 270, 273], "summary": {"covered_lines": 92, "num_statements": 95, "percent_covered": 96.84210526315789, "percent_covered_display": "97", "missing_lines": 3, "excluded_lines": 0}, "missing_lines": [232, 233, 237], "excluded_lines": [], "functions": {"NIHClient.__init__": {"executed_lines": [76, 77, 78], "summary": {"covered_lines": 3, "num_statements": 3, "percent_covered": 100.0, "percent_covered_display": "100", "missing_lines": 0, "excluded_lines": 0}, "missing_lines": [], "excluded_lines": []}, "NIHClient.__enter__": {"executed_lines": [82], "summary": {"covered_lines": 1, "num_statements": 1, "percent_covered": 100.0, "percent_covered_display": "100", "missing_lines": 0, "excluded_lines": 0}, "missing_lines": [], "excluded_lines": []}, "NIHClient.__exit__": {"executed_lines": [86], "summary": {"covered_lines": 1, "num_statements": 1, "percent_covered": 100.0, "percent_covered_display": "100", "missing_lines": 0, "excluded_lines": 0}, "missing_lines": [], "excluded_lines": []}, "NIHClient.close": {"executed_lines": [90], "summary": {"covered_lines": 1, "num_statements": 1, "percent_covered": 100.0, "percent_covered_display": "100", "missing_lines": 0, "excluded_lines": 0}, "missing_lines": [], "excluded_lines": []}, "NIHClient.lookup_solicitation": {"executed_lines": [117, 118, 120, 121, 123, 128, 129, 131, 132, 133, 135, 136, 138, 140, 141, 142, 144, 145, 146], "summary": {"covered_lines": 19, "num_statements": 19, "percent_covered": 100.0, "percent_covered_display": "100", "missing_lines": 0, "excluded_lines": 0}, "missing_lines": [], "excluded_lines": []}, "NIHClient._make_request": {"executed_lines": [163, 166, 174, 176, 177], "summary": {"covered_lines": 5, "num_statements": 5, "percent_covered": 100.0, "percent_covered_display": "100", "missing_lines": 0, "excluded_lines": 0}, "missing_lines": [], "excluded_lines": []}, "NIHClient._parse_response": {"executed_lines": [193, 195, 196, 197, 198, 201, 204, 210, 211, 212, 213, 214, 216, 217, 218, 220, 223, 225], "summary": {"covered_lines": 18, "num_statements": 21, "percent_covered": 85.71428571428571, "percent_covered_display": "86", "missing_lines": 3, "excluded_lines": 0}, "missing_lines": [232, 233, 237], "excluded_lines": []}, "NIHClient._extract_keywords": {"executed_lines": [248, 251, 252, 253, 256, 257, 258, 259, 260, 263, 264, 265, 268, 269, 270, 273], "summary": {"covered_lines": 16, "num_statements": 16, "percent_covered": 100.0, "percent_covered_display": "100", "missing_lines": 0, "excluded_lines": 0}, "missing_lines": [], "excluded_lines": []}, "": {"executed_lines": [1, 16, 18, 19, 21, 23, 26, 27, 28, 31, 32, 33, 35, 36, 38, 39, 41, 42, 44, 45, 48, 49, 52, 53, 64, 80, 84, 88, 92, 148, 179, 239], "summary": {"covered_lines": 28, "num_statements": 28, "percent_covered": 100.0, "percent_covered_display": "100", "missing_lines": 0, "excluded_lines": 0}, "missing_lines": [], "excluded_lines": []}}, "classes": {"SolicitationData": {"executed_lines": [], "summary": {"covered_lines": 0, "num_statements": 0, "percent_covered": 100.0, "percent_covered_display": "100", "missing_lines": 0, "excluded_lines": 0}, "missing_lines": [], "excluded_lines": []}, "NIHAPIError": {"executed_lines": [], "summary": {"covered_lines": 0, "num_statements": 0, "percent_covered": 100.0, "percent_covered_display": "100", "missing_lines": 0, "excluded_lines": 0}, "missing_lines": [], "excluded_lines": []}, "NIHClient": {"executed_lines": [76, 77, 78, 82, 86, 90, 117, 118, 120, 121, 123, 128, 129, 131, 132, 133, 135, 136, 138, 140, 141, 142, 144, 145, 146, 163, 166, 174, 176, 177, 193, 195, 196, 197, 198, 201, 204, 210, 211, 212, 213, 214, 216, 217, 218, 220, 223, 225, 248, 251, 252, 253, 256, 257, 258, 259, 260, 263, 264, 265, 268, 269, 270, 273], "summary": {"covered_lines": 64, "num_statements": 67, "percent_covered": 95.5223880597015, "percent_covered_display": "96", "missing_lines": 3, "excluded_lines": 0}, "missing_lines": [232, 233, 237], "excluded_lines": []}, "": {"executed_lines": [1, 16, 18, 19, 21, 23, 26, 27, 28, 31, 32, 33, 35, 36, 38, 39, 41, 42, 44, 45, 48, 49, 52, 53, 64, 80, 84, 88, 92, 148, 179, 239], "summary": {"covered_lines": 28, "num_statements": 28, "percent_covered": 100.0, "percent_covered_display": "100", "missing_lines": 0, "excluded_lines": 0}, "missing_lines": [], "excluded_lines": []}}}, "src/sbir_cet_classifier/data/external/nsf.py": {"executed_lines": [1, 16, 18, 19, 21, 23, 26, 27, 28, 31, 32, 33, 35, 36, 38, 39, 41, 42, 44, 45, 48, 49, 52, 53, 65, 77, 78, 79, 81, 83, 85, 87, 89, 91, 93, 122, 123, 125, 126, 128, 133, 134, 136, 137, 138, 140, 142, 146, 148, 150, 151, 152, 154, 156, 160, 162, 175, 179, 186, 188, 189, 191, 205, 207, 209, 210, 211, 214, 215, 218, 221, 222, 224, 225, 226, 229, 230, 231, 232, 233, 235, 238, 240, 254, 263, 266, 267, 268, 271, 272, 273, 274, 275, 277, 278, 279, 280, 281, 284, 285, 286, 287, 288, 291, 292, 293, 294, 295, 298, 299, 300, 303], "summary": {"covered_lines": 108, "num_statements": 111, "percent_covered": 97.29729729729729, "percent_covered_display": "97", "missing_lines": 3, "excluded_lines": 0}, "missing_lines": [247, 248, 252], "excluded_lines": [], "functions": {"NSFClient.__init__": {"executed_lines": [77, 78, 79], "summary": {"covered_lines": 3, "num_statements": 3, "percent_covered": 100.0, "percent_covered_display": "100", "missing_lines": 0, "excluded_lines": 0}, "missing_lines": [], "excluded_lines": []}, "NSFClient.__enter__": {"executed_lines": [83], "summary": {"covered_lines": 1, "num_statements": 1, "percent_covered": 100.0, "percent_covered_display": "100", "missing_lines": 0, "excluded_lines": 0}, "missing_lines": [], "excluded_lines": []}, "NSFClient.__exit__": {"executed_lines": [87], "summary": {"covered_lines": 1, "num_statements": 1, "percent_covered": 100.0, "percent_covered_display": "100", "missing_lines": 0, "excluded_lines": 0}, "missing_lines": [], "excluded_lines": []}, "NSFClient.close": {"executed_lines": [91], "summary": {"covered_lines": 1, "num_statements": 1, "percent_covered": 100.0, "percent_covered_display": "100", "missing_lines": 0, "excluded_lines": 0}, "missing_lines": [], "excluded_lines": []}, "NSFClient.lookup_solicitation": {"executed_lines": [122, 123, 125, 126, 128, 133, 134, 136, 137, 138, 140, 142, 146, 148, 150, 151, 152, 154, 156, 160], "summary": {"covered_lines": 20, "num_statements": 20, "percent_covered": 100.0, "percent_covered_display": "100", "missing_lines": 0, "excluded_lines": 0}, "missing_lines": [], "excluded_lines": []}, "NSFClient._make_request": {"executed_lines": [175, 179, 186, 188, 189], "summary": {"covered_lines": 5, "num_statements": 5, "percent_covered": 100.0, "percent_covered_display": "100", "missing_lines": 0, "excluded_lines": 0}, "missing_lines": [], "excluded_lines": []}, "NSFClient._parse_response": {"executed_lines": [205, 207, 209, 210, 211, 214, 215, 218, 221, 222, 224, 225, 226, 229, 230, 231, 232, 233, 235, 238, 240], "summary": {"covered_lines": 21, "num_statements": 24, "percent_covered": 87.5, "percent_covered_display": "88", "missing_lines": 3, "excluded_lines": 0}, "missing_lines": [247, 248, 252], "excluded_lines": []}, "NSFClient._extract_keywords": {"executed_lines": [263, 266, 267, 268, 271, 272, 273, 274, 275, 277, 278, 279, 280, 281, 284, 285, 286, 287, 288, 291, 292, 293, 294, 295, 298, 299, 300, 303], "summary": {"covered_lines": 28, "num_statements": 28, "percent_covered": 100.0, "percent_covered_display": "100", "missing_lines": 0, "excluded_lines": 0}, "missing_lines": [], "excluded_lines": []}, "": {"executed_lines": [1, 16, 18, 19, 21, 23, 26, 27, 28, 31, 32, 33, 35, 36, 38, 39, 41, 42, 44, 45, 48, 49, 52, 53, 65, 81, 85, 89, 93, 162, 191, 254], "summary": {"covered_lines": 28, "num_statements": 28, "percent_covered": 100.0, "percent_covered_display": "100", "missing_lines": 0, "excluded_lines": 0}, "missing_lines": [], "excluded_lines": []}}, "classes": {"SolicitationData": {"executed_lines": [], "summary": {"covered_lines": 0, "num_statements": 0, "percent_covered": 100.0, "percent_covered_display": "100", "missing_lines": 0, "excluded_lines": 0}, "missing_lines": [], "excluded_lines": []}, "NSFAPIError": {"executed_lines": [], "summary": {"covered_lines": 0, "num_statements": 0, "percent_covered": 100.0, "percent_covered_display": "100", "missing_lines": 0, "excluded_lines": 0}, "missing_lines": [], "excluded_lines": []}, "NSFClient": {"executed_lines": [77, 78, 79, 83, 87, 91, 122, 123, 125, 126, 128, 133, 134, 136, 137, 138, 140, 142, 146, 148, 150, 151, 152, 154, 156, 160, 175, 179, 186, 188, 189, 205, 207, 209, 210, 211, 214, 215, 218, 221, 222, 224, 225, 226, 229, 230, 231, 232, 233, 235, 238, 240, 263, 266, 267, 268, 271, 272, 273, 274, 275, 277, 278, 279, 280, 281, 284, 285, 286, 287, 288, 291, 292, 293, 294, 295, 298, 299, 300, 303], "summary": {"covered_lines": 80, "num_statements": 83, "percent_covered": 96.3855421686747, "percent_covered_display": "96", "missing_lines": 3, "excluded_lines": 0}, "missing_lines": [247, 248, 252], "excluded_lines": []}, "": {"executed_lines": [1, 16, 18, 19, 21, 23, 26, 27, 28, 31, 32, 33, 35, 36, 38, 39, 41, 42, 44, 45, 48, 49, 52, 53, 65, 81, 85, 89, 93, 162, 191, 254], "summary": {"covered_lines": 28, "num_statements": 28, "percent_covered": 100.0, "percent_covered_display": "100", "missing_lines": 0, "excluded_lines": 0}, "missing_lines": [], "excluded_lines": []}}}, "src/sbir_cet_classifier/data/ingest.py": {"executed_lines": [1, 3, 5, 6, 7, 8, 9, 10, 12, 13, 15, 16, 17, 19, 20, 21, 23, 39, 40, 41, 43, 44, 45, 46, 47, 50, 65, 68, 69, 70, 71, 72, 74, 77, 78, 79, 82, 91, 92, 93, 94, 96, 97, 100, 101, 102, 103, 104, 122, 125, 126, 127, 128, 129, 130, 133, 142, 143, 145, 146, 147, 149, 150, 151, 153, 154, 156, 157, 159, 160, 172, 181, 184, 185, 186, 187, 188, 189, 190, 191, 192, 195], "summary": {"covered_lines": 80, "num_statements": 91, "percent_covered": 87.91208791208791, "percent_covered_display": "88", "missing_lines": 11, "excluded_lines": 0}, "missing_lines": [53, 54, 55, 57, 58, 59, 60, 61, 62, 73, 80], "excluded_lines": [], "functions": {"download_archive": {"executed_lines": [], "summary": {"covered_lines": 0, "num_statements": 9, "percent_covered": 0.0, "percent_covered_display": "0", "missing_lines": 9, "excluded_lines": 0}, "missing_lines": [53, 54, 55, 57, 58, 59, 60, 61, 62], "excluded_lines": []}, "extract_archive": {"executed_lines": [68, 69, 70, 71, 72, 74], "summary": {"covered_lines": 6, "num_statements": 7, "percent_covered": 85.71428571428571, "percent_covered_display": "86", "missing_lines": 1, "excluded_lines": 0}, "missing_lines": [73], "excluded_lines": []}, "_normalise_dataframe": {"executed_lines": [78, 79, 82, 91, 92, 93, 94, 96, 97], "summary": {"covered_lines": 9, "num_statements": 10, "percent_covered": 90.0, "percent_covered_display": "90", "missing_lines": 1, "excluded_lines": 0}, "missing_lines": [80], "excluded_lines": []}, "_records_from_dataframe": {"executed_lines": [101, 102, 103, 104, 122], "summary": {"covered_lines": 5, "num_statements": 5, "percent_covered": 100.0, "percent_covered_display": "100", "missing_lines": 0, "excluded_lines": 0}, "missing_lines": [], "excluded_lines": []}, "_write_metadata": {"executed_lines": [126, 127, 128, 129, 130], "summary": {"covered_lines": 5, "num_statements": 5, "percent_covered": 100.0, "percent_covered_display": "100", "missing_lines": 0, "excluded_lines": 0}, "missing_lines": [], "excluded_lines": []}, "ingest_fiscal_year": {"executed_lines": [142, 143, 145, 146, 147, 149, 150, 151, 153, 154, 156, 157, 159, 160, 172], "summary": {"covered_lines": 15, "num_statements": 15, "percent_covered": 100.0, "percent_covered_display": "100", "missing_lines": 0, "excluded_lines": 0}, "missing_lines": [], "excluded_lines": []}, "iter_awards_for_year": {"executed_lines": [184, 185, 186, 187, 188, 189, 190, 191, 192], "summary": {"covered_lines": 9, "num_statements": 9, "percent_covered": 100.0, "percent_covered_display": "100", "missing_lines": 0, "excluded_lines": 0}, "missing_lines": [], "excluded_lines": []}, "": {"executed_lines": [1, 3, 5, 6, 7, 8, 9, 10, 12, 13, 15, 16, 17, 19, 20, 21, 23, 39, 40, 41, 43, 44, 45, 46, 47, 50, 65, 77, 100, 125, 133, 181, 195], "summary": {"covered_lines": 31, "num_statements": 31, "percent_covered": 100.0, "percent_covered_display": "100", "missing_lines": 0, "excluded_lines": 0}, "missing_lines": [], "excluded_lines": []}}, "classes": {"IngestionResult": {"executed_lines": [], "summary": {"covered_lines": 0, "num_statements": 0, "percent_covered": 100.0, "percent_covered_display": "100", "missing_lines": 0, "excluded_lines": 0}, "missing_lines": [], "excluded_lines": []}, "": {"executed_lines": [1, 3, 5, 6, 7, 8, 9, 10, 12, 13, 15, 16, 17, 19, 20, 21, 23, 39, 40, 41, 43, 44, 45, 46, 47, 50, 65, 68, 69, 70, 71, 72, 74, 77, 78, 79, 82, 91, 92, 93, 94, 96, 97, 100, 101, 102, 103, 104, 122, 125, 126, 127, 128, 129, 130, 133, 142, 143, 145, 146, 147, 149, 150, 151, 153, 154, 156, 157, 159, 160, 172, 181, 184, 185, 186, 187, 188, 189, 190, 191, 192, 195], "summary": {"covered_lines": 80, "num_statements": 91, "percent_covered": 87.91208791208791, "percent_covered_display": "88", "missing_lines": 11, "excluded_lines": 0}, "missing_lines": [53, 54, 55, 57, 58, 59, 60, 61, 62, 73, 80], "excluded_lines": []}}}, "src/sbir_cet_classifier/data/solicitation_cache.py": {"executed_lines": [1, 26, 28, 29, 30, 31, 32, 33, 35, 38, 41, 62, 63, 64, 66, 67, 69, 70, 72, 73, 75, 76, 78, 79, 82, 83, 94, 103, 104, 106, 107, 110, 112, 114, 116, 118, 120, 122, 124, 125, 126, 128, 130, 131, 132, 133, 138, 158, 159, 164, 165, 166, 170, 173, 176, 178, 186, 191, 193, 194, 198, 200, 227, 230, 232, 233, 242, 244, 260, 274, 275, 280, 281, 283, 288, 297, 311, 312, 317, 318, 320, 325, 334, 359, 360, 362, 363, 365, 366, 367, 369, 370, 371, 373, 375, 376, 381, 382, 384, 393, 402, 414, 416, 417, 420, 423, 426, 429, 431], "summary": {"covered_lines": 106, "num_statements": 124, "percent_covered": 85.48387096774194, "percent_covered_display": "85", "missing_lines": 18, "excluded_lines": 0}, "missing_lines": [134, 135, 136, 253, 254, 258, 290, 291, 295, 327, 328, 332, 395, 396, 400, 439, 440, 441], "excluded_lines": [], "functions": {"SolicitationCache.__init__": {"executed_lines": [103, 104, 106, 107, 110, 112], "summary": {"covered_lines": 6, "num_statements": 6, "percent_covered": 100.0, "percent_covered_display": "100", "missing_lines": 0, "excluded_lines": 0}, "missing_lines": [], "excluded_lines": []}, "SolicitationCache.__enter__": {"executed_lines": [116], "summary": {"covered_lines": 1, "num_statements": 1, "percent_covered": 100.0, "percent_covered_display": "100", "missing_lines": 0, "excluded_lines": 0}, "missing_lines": [], "excluded_lines": []}, "SolicitationCache.__exit__": {"executed_lines": [120], "summary": {"covered_lines": 1, "num_statements": 1, "percent_covered": 100.0, "percent_covered_display": "100", "missing_lines": 0, "excluded_lines": 0}, "missing_lines": [], "excluded_lines": []}, "SolicitationCache.close": {"executed_lines": [124, 125, 126], "summary": {"covered_lines": 3, "num_statements": 3, "percent_covered": 100.0, "percent_covered_display": "100", "missing_lines": 0, "excluded_lines": 0}, "missing_lines": [], "excluded_lines": []}, "SolicitationCache._init_schema": {"executed_lines": [130, 131, 132, 133], "summary": {"covered_lines": 4, "num_statements": 7, "percent_covered": 57.142857142857146, "percent_covered_display": "57", "missing_lines": 3, "excluded_lines": 0}, "missing_lines": [134, 135, 136], "excluded_lines": []}, "SolicitationCache.get": {"executed_lines": [158, 159, 164, 165, 166, 170, 173, 176, 178, 186, 191, 193, 194, 198], "summary": {"covered_lines": 14, "num_statements": 14, "percent_covered": 100.0, "percent_covered_display": "100", "missing_lines": 0, "excluded_lines": 0}, "missing_lines": [], "excluded_lines": []}, "SolicitationCache.put": {"executed_lines": [227, 230, 232, 233, 242, 244], "summary": {"covered_lines": 6, "num_statements": 9, "percent_covered": 66.66666666666667, "percent_covered_display": "67", "missing_lines": 3, "excluded_lines": 0}, "missing_lines": [253, 254, 258], "excluded_lines": []}, "SolicitationCache.purge_by_api_source": {"executed_lines": [274, 275, 280, 281, 283, 288], "summary": {"covered_lines": 6, "num_statements": 9, "percent_covered": 66.66666666666667, "percent_covered_display": "67", "missing_lines": 3, "excluded_lines": 0}, "missing_lines": [290, 291, 295], "excluded_lines": []}, "SolicitationCache.purge_by_solicitation_id": {"executed_lines": [311, 312, 317, 318, 320, 325], "summary": {"covered_lines": 6, "num_statements": 9, "percent_covered": 66.66666666666667, "percent_covered_display": "67", "missing_lines": 3, "excluded_lines": 0}, "missing_lines": [327, 328, 332], "excluded_lines": []}, "SolicitationCache.purge_by_date_range": {"executed_lines": [359, 360, 362, 363, 365, 366, 367, 369, 370, 371, 373, 375, 376, 381, 382, 384, 393], "summary": {"covered_lines": 17, "num_statements": 20, "percent_covered": 85.0, "percent_covered_display": "85", "missing_lines": 3, "excluded_lines": 0}, "missing_lines": [395, 396, 400], "excluded_lines": []}, "SolicitationCache.get_cache_stats": {"executed_lines": [414, 416, 417, 420, 423, 426, 429, 431], "summary": {"covered_lines": 8, "num_statements": 11, "percent_covered": 72.72727272727273, "percent_covered_display": "73", "missing_lines": 3, "excluded_lines": 0}, "missing_lines": [439, 440, 441], "excluded_lines": []}, "": {"executed_lines": [1, 26, 28, 29, 30, 31, 32, 33, 35, 38, 41, 62, 63, 64, 66, 67, 69, 70, 72, 73, 75, 76, 78, 79, 82, 83, 94, 114, 118, 122, 128, 138, 200, 260, 297, 334, 402], "summary": {"covered_lines": 34, "num_statements": 34, "percent_covered": 100.0, "percent_covered_display": "100", "missing_lines": 0, "excluded_lines": 0}, "missing_lines": [], "excluded_lines": []}}, "classes": {"CachedSolicitation": {"executed_lines": [], "summary": {"covered_lines": 0, "num_statements": 0, "percent_covered": 100.0, "percent_covered_display": "100", "missing_lines": 0, "excluded_lines": 0}, "missing_lines": [], "excluded_lines": []}, "SolicitationCache": {"executed_lines": [103, 104, 106, 107, 110, 112, 116, 120, 124, 125, 126, 130, 131, 132, 133, 158, 159, 164, 165, 166, 170, 173, 176, 178, 186, 191, 193, 194, 198, 227, 230, 232, 233, 242, 244, 274, 275, 280, 281, 283, 288, 311, 312, 317, 318, 320, 325, 359, 360, 362, 363, 365, 366, 367, 369, 370, 371, 373, 375, 376, 381, 382, 384, 393, 414, 416, 417, 420, 423, 426, 429, 431], "summary": {"covered_lines": 72, "num_statements": 90, "percent_covered": 80.0, "percent_covered_display": "80", "missing_lines": 18, "excluded_lines": 0}, "missing_lines": [134, 135, 136, 253, 254, 258, 290, 291, 295, 327, 328, 332, 395, 396, 400, 439, 440, 441], "excluded_lines": []}, "": {"executed_lines": [1, 26, 28, 29, 30, 31, 32, 33, 35, 38, 41, 62, 63, 64, 66, 67, 69, 70, 72, 73, 75, 76, 78, 79, 82, 83, 94, 114, 118, 122, 128, 138, 200, 260, 297, 334, 402], "summary": {"covered_lines": 34, "num_statements": 34, "percent_covered": 100.0, "percent_covered_display": "100", "missing_lines": 0, "excluded_lines": 0}, "missing_lines": [], "excluded_lines": []}}}, "src/sbir_cet_classifier/data/store.py": {"executed_lines": [1, 3, 5, 6, 8, 10, 13, 14, 15, 16, 19, 28, 31, 38, 41, 50, 51, 54, 62, 64, 66, 69], "summary": {"covered_lines": 21, "num_statements": 23, "percent_covered": 91.30434782608695, "percent_covered_display": "91", "missing_lines": 2, "excluded_lines": 0}, "missing_lines": [52, 65], "excluded_lines": [], "functions": {"_partition_dir": {"executed_lines": [14, 15, 16], "summary": {"covered_lines": 3, "num_statements": 3, "percent_covered": 100.0, "percent_covered_display": "100", "missing_lines": 0, "excluded_lines": 0}, "missing_lines": [], "excluded_lines": []}, "write_partition": {"executed_lines": [28, 31, 38], "summary": {"covered_lines": 3, "num_statements": 3, "percent_covered": 100.0, "percent_covered_display": "100", "missing_lines": 0, "excluded_lines": 0}, "missing_lines": [], "excluded_lines": []}, "read_partition": {"executed_lines": [50, 51, 54], "summary": {"covered_lines": 3, "num_statements": 4, "percent_covered": 75.0, "percent_covered_display": "75", "missing_lines": 1, "excluded_lines": 0}, "missing_lines": [52], "excluded_lines": []}, "list_partitions": {"executed_lines": [64, 66], "summary": {"covered_lines": 2, "num_statements": 3, "percent_covered": 66.66666666666667, "percent_covered_display": "67", "missing_lines": 1, "excluded_lines": 0}, "missing_lines": [65], "excluded_lines": []}, "": {"executed_lines": [1, 3, 5, 6, 8, 10, 13, 19, 41, 62, 69], "summary": {"covered_lines": 10, "num_statements": 10, "percent_covered": 100.0, "percent_covered_display": "100", "missing_lines": 0, "excluded_lines": 0}, "missing_lines": [], "excluded_lines": []}}, "classes": {"": {"executed_lines": [1, 3, 5, 6, 8, 10, 13, 14, 15, 16, 19, 28, 31, 38, 41, 50, 51, 54, 62, 64, 66, 69], "summary": {"covered_lines": 21, "num_statements": 23, "percent_covered": 91.30434782608695, "percent_covered_display": "91", "missing_lines": 2, "excluded_lines": 0}, "missing_lines": [52, 65], "excluded_lines": []}}}, "src/sbir_cet_classifier/data/taxonomy.py": {"executed_lines": [1, 3, 5, 6, 7, 8, 10, 13, 14, 15, 17, 18, 19, 21, 22, 25, 28, 29, 30, 31, 34, 35, 37, 38, 39, 41, 47, 48, 49, 51, 56, 57, 59, 60, 61, 63, 65, 68, 75, 82], "summary": {"covered_lines": 37, "num_statements": 45, "percent_covered": 82.22222222222223, "percent_covered_display": "82", "missing_lines": 8, "excluded_lines": 0}, "missing_lines": [62, 66, 69, 70, 71, 72, 78, 79], "excluded_lines": [], "functions": {"CETTaxonomy.get": {"executed_lines": [22], "summary": {"covered_lines": 1, "num_statements": 1, "percent_covered": 100.0, "percent_covered_display": "100", "missing_lines": 0, "excluded_lines": 0}, "missing_lines": [], "excluded_lines": []}, "load_taxonomy_file": {"executed_lines": [28, 29, 30, 31], "summary": {"covered_lines": 4, "num_statements": 4, "percent_covered": 100.0, "percent_covered_display": "100", "missing_lines": 0, "excluded_lines": 0}, "missing_lines": [], "excluded_lines": []}, "TaxonomyRepository.__init__": {"executed_lines": [38, 39], "summary": {"covered_lines": 2, "num_statements": 2, "percent_covered": 100.0, "percent_covered_display": "100", "missing_lines": 0, "excluded_lines": 0}, "missing_lines": [], "excluded_lines": []}, "TaxonomyRepository.save": {"executed_lines": [47, 48, 49, 51, 56, 57], "summary": {"covered_lines": 6, "num_statements": 6, "percent_covered": 100.0, "percent_covered_display": "100", "missing_lines": 0, "excluded_lines": 0}, "missing_lines": [], "excluded_lines": []}, "TaxonomyRepository.load": {"executed_lines": [60, 61, 63], "summary": {"covered_lines": 3, "num_statements": 4, "percent_covered": 75.0, "percent_covered_display": "75", "missing_lines": 1, "excluded_lines": 0}, "missing_lines": [62], "excluded_lines": []}, "TaxonomyRepository.list_versions": {"executed_lines": [], "summary": {"covered_lines": 0, "num_statements": 1, "percent_covered": 0.0, "percent_covered_display": "0", "missing_lines": 1, "excluded_lines": 0}, "missing_lines": [66], "excluded_lines": []}, "TaxonomyRepository.latest": {"executed_lines": [], "summary": {"covered_lines": 0, "num_statements": 4, "percent_covered": 0.0, "percent_covered_display": "0", "missing_lines": 4, "excluded_lines": 0}, "missing_lines": [69, 70, 71, 72], "excluded_lines": []}, "load_taxonomy_from_directory": {"executed_lines": [], "summary": {"covered_lines": 0, "num_statements": 2, "percent_covered": 0.0, "percent_covered_display": "0", "missing_lines": 2, "excluded_lines": 0}, "missing_lines": [78, 79], "excluded_lines": []}, "": {"executed_lines": [1, 3, 5, 6, 7, 8, 10, 13, 14, 15, 17, 18, 19, 21, 25, 34, 35, 37, 41, 59, 65, 68, 75, 82], "summary": {"covered_lines": 21, "num_statements": 21, "percent_covered": 100.0, "percent_covered_display": "100", "missing_lines": 0, "excluded_lines": 0}, "missing_lines": [], "excluded_lines": []}}, "classes": {"CETTaxonomy": {"executed_lines": [22], "summary": {"covered_lines": 1, "num_statements": 1, "percent_covered": 100.0, "percent_covered_display": "100", "missing_lines": 0, "excluded_lines": 0}, "missing_lines": [], "excluded_lines": []}, "TaxonomyRepository": {"executed_lines": [38, 39, 47, 48, 49, 51, 56, 57, 60, 61, 63], "summary": {"covered_lines": 11, "num_statements": 17, "percent_covered": 64.70588235294117, "percent_covered_display": "65", "missing_lines": 6, "excluded_lines": 0}, "missing_lines": [62, 66, 69, 70, 71, 72], "excluded_lines": []}, "": {"executed_lines": [1, 3, 5, 6, 7, 8, 10, 13, 14, 15, 17, 18, 19, 21, 25, 28, 29, 30, 31, 34, 35, 37, 41, 59, 65, 68, 75, 82], "summary": {"covered_lines": 25, "num_statements": 27, "percent_covered": 92.5925925925926, "percent_covered_display": "93", "missing_lines": 2, "excluded_lines": 0}, "missing_lines": [78, 79], "excluded_lines": []}}}, "src/sbir_cet_classifier/data/taxonomy_reassessment.py": {"executed_lines": [], "summary": {"covered_lines": 0, "num_statements": 90, "percent_covered": 0.0, "percent_covered_display": "0", "missing_lines": 90, "excluded_lines": 2}, "missing_lines": [3, 5, 6, 7, 8, 9, 10, 12, 13, 14, 15, 21, 22, 25, 26, 27, 28, 29, 31, 33, 36, 37, 40, 41, 42, 43, 44, 45, 46, 47, 49, 51, 67, 70, 75, 76, 79, 80, 82, 86, 87, 89, 90, 92, 93, 96, 97, 98, 99, 100, 102, 110, 112, 120, 137, 138, 141, 144, 145, 148, 151, 152, 159, 162, 163, 164, 166, 167, 170, 178, 179, 183, 184, 187, 190, 191, 194, 206, 208, 210, 214, 215, 216, 218, 219, 220, 222, 224, 225, 228], "excluded_lines": [17, 18], "functions": {"TaxonomyDiff.has_changes": {"executed_lines": [], "summary": {"covered_lines": 0, "num_statements": 1, "percent_covered": 0.0, "percent_covered_display": "0", "missing_lines": 1, "excluded_lines": 0}, "missing_lines": [33], "excluded_lines": []}, "ReassessmentManifest.to_dict": {"executed_lines": [], "summary": {"covered_lines": 0, "num_statements": 1, "percent_covered": 0.0, "percent_covered_display": "0", "missing_lines": 1, "excluded_lines": 0}, "missing_lines": [51], "excluded_lines": []}, "TaxonomyReassessmentRunner.__init__": {"executed_lines": [], "summary": {"covered_lines": 0, "num_statements": 4, "percent_covered": 0.0, "percent_covered_display": "0", "missing_lines": 4, "excluded_lines": 0}, "missing_lines": [75, 76, 79, 80], "excluded_lines": []}, "TaxonomyReassessmentRunner.compute_taxonomy_diff": {"executed_lines": [], "summary": {"covered_lines": 0, "num_statements": 14, "percent_covered": 0.0, "percent_covered_display": "0", "missing_lines": 14, "excluded_lines": 0}, "missing_lines": [86, 87, 89, 90, 92, 93, 96, 97, 98, 99, 100, 102, 110, 112], "excluded_lines": []}, "TaxonomyReassessmentRunner.reassess_awards": {"executed_lines": [], "summary": {"covered_lines": 0, "num_statements": 25, "percent_covered": 0.0, "percent_covered_display": "0", "missing_lines": 25, "excluded_lines": 0}, "missing_lines": [137, 138, 141, 144, 145, 148, 151, 152, 159, 162, 163, 164, 166, 167, 170, 178, 179, 183, 184, 187, 190, 191, 194, 206, 208], "excluded_lines": []}, "TaxonomyReassessmentRunner._save_assessments": {"executed_lines": [], "summary": {"covered_lines": 0, "num_statements": 6, "percent_covered": 0.0, "percent_covered_display": "0", "missing_lines": 6, "excluded_lines": 0}, "missing_lines": [214, 215, 216, 218, 219, 220], "excluded_lines": []}, "TaxonomyReassessmentRunner._save_manifest": {"executed_lines": [], "summary": {"covered_lines": 0, "num_statements": 2, "percent_covered": 0.0, "percent_covered_display": "0", "missing_lines": 2, "excluded_lines": 0}, "missing_lines": [224, 225], "excluded_lines": []}, "": {"executed_lines": [], "summary": {"covered_lines": 0, "num_statements": 37, "percent_covered": 0.0, "percent_covered_display": "0", "missing_lines": 37, "excluded_lines": 2}, "missing_lines": [3, 5, 6, 7, 8, 9, 10, 12, 13, 14, 15, 21, 22, 25, 26, 27, 28, 29, 31, 36, 37, 40, 41, 42, 43, 44, 45, 46, 47, 49, 67, 70, 82, 120, 210, 222, 228], "excluded_lines": [17, 18]}}, "classes": {"TaxonomyDiff": {"executed_lines": [], "summary": {"covered_lines": 0, "num_statements": 1, "percent_covered": 0.0, "percent_covered_display": "0", "missing_lines": 1, "excluded_lines": 0}, "missing_lines": [33], "excluded_lines": []}, "ReassessmentManifest": {"executed_lines": [], "summary": {"covered_lines": 0, "num_statements": 1, "percent_covered": 0.0, "percent_covered_display": "0", "missing_lines": 1, "excluded_lines": 0}, "missing_lines": [51], "excluded_lines": []}, "TaxonomyReassessmentRunner": {"executed_lines": [], "summary": {"covered_lines": 0, "num_statements": 51, "percent_covered": 0.0, "percent_covered_display": "0", "missing_lines": 51, "excluded_lines": 0}, "missing_lines": [75, 76, 79, 80, 86, 87, 89, 90, 92, 93, 96, 97, 98, 99, 100, 102, 110, 112, 137, 138, 141, 144, 145, 148, 151, 152, 159, 162, 163, 164, 166, 167, 170, 178, 179, 183, 184, 187, 190, 191, 194, 206, 208, 214, 215, 216, 218, 219, 220, 224, 225], "excluded_lines": []}, "": {"executed_lines": [], "summary": {"covered_lines": 0, "num_statements": 37, "percent_covered": 0.0, "percent_covered_display": "0", "missing_lines": 37, "excluded_lines": 2}, "missing_lines": [3, 5, 6, 7, 8, 9, 10, 12, 13, 14, 15, 21, 22, 25, 26, 27, 28, 29, 31, 36, 37, 40, 41, 42, 43, 44, 45, 46, 47, 49, 67, 70, 82, 120, 210, 222, 228], "excluded_lines": [17, 18]}}}, "src/sbir_cet_classifier/evaluation/__init__.py": {"executed_lines": [], "summary": {"covered_lines": 0, "num_statements": 0, "percent_covered": 100.0, "percent_covered_display": "100", "missing_lines": 0, "excluded_lines": 0}, "missing_lines": [], "excluded_lines": [], "functions": {"": {"executed_lines": [], "summary": {"covered_lines": 0, "num_statements": 0, "percent_covered": 100.0, "percent_covered_display": "100", "missing_lines": 0, "excluded_lines": 0}, "missing_lines": [], "excluded_lines": []}}, "classes": {"": {"executed_lines": [], "summary": {"covered_lines": 0, "num_statements": 0, "percent_covered": 100.0, "percent_covered_display": "100", "missing_lines": 0, "excluded_lines": 0}, "missing_lines": [], "excluded_lines": []}}}, "src/sbir_cet_classifier/evaluation/reviewer_agreement.py": {"executed_lines": [], "summary": {"covered_lines": 0, "num_statements": 89, "percent_covered": 0.0, "percent_covered_display": "0", "missing_lines": 89, "excluded_lines": 0}, "missing_lines": [3, 5, 6, 7, 8, 10, 13, 14, 17, 18, 19, 20, 21, 22, 23, 25, 27, 38, 39, 42, 43, 44, 45, 48, 49, 52, 53, 54, 55, 58, 61, 62, 63, 64, 65, 67, 83, 84, 87, 89, 90, 93, 98, 99, 102, 103, 104, 105, 106, 108, 109, 110, 111, 113, 115, 123, 131, 138, 139, 140, 146, 147, 148, 151, 152, 153, 154, 160, 162, 173, 175, 177, 179, 184, 185, 186, 187, 188, 189, 191, 193, 195, 196, 198, 200, 201, 203, 205, 216], "excluded_lines": [], "functions": {"AgreementMetrics.to_dict": {"executed_lines": [], "summary": {"covered_lines": 0, "num_statements": 1, "percent_covered": 0.0, "percent_covered_display": "0", "missing_lines": 1, "excluded_lines": 0}, "missing_lines": [27], "excluded_lines": []}, "ReviewerAgreementEvaluator.__init__": {"executed_lines": [], "summary": {"covered_lines": 0, "num_statements": 4, "percent_covered": 0.0, "percent_covered_display": "0", "missing_lines": 4, "excluded_lines": 0}, "missing_lines": [62, 63, 64, 65], "excluded_lines": []}, "ReviewerAgreementEvaluator.evaluate_agreement": {"executed_lines": [], "summary": {"covered_lines": 0, "num_statements": 35, "percent_covered": 0.0, "percent_covered_display": "0", "missing_lines": 35, "excluded_lines": 0}, "missing_lines": [83, 84, 87, 89, 90, 93, 98, 99, 102, 103, 104, 105, 106, 108, 109, 110, 111, 113, 115, 123, 131, 138, 139, 140, 146, 147, 148, 151, 152, 153, 154, 160, 162, 173, 175], "excluded_lines": []}, "ReviewerAgreementEvaluator._save_agreement_report": {"executed_lines": [], "summary": {"covered_lines": 0, "num_statements": 8, "percent_covered": 0.0, "percent_covered_display": "0", "missing_lines": 8, "excluded_lines": 0}, "missing_lines": [179, 184, 185, 186, 187, 188, 189, 191], "excluded_lines": []}, "ReviewerAgreementEvaluator.load_latest_agreement": {"execu
[...]
sing_lines": 0, "excluded_lines": 0}, "missing_lines": [], "excluded_lines": []}, "SummaryService.__init__": {"executed_lines": [97, 98, 99, 100, 101, 102, 105, 106], "summary": {"covered_lines": 8, "num_statements": 9, "percent_covered": 88.88888888888889, "percent_covered_display": "89", "missing_lines": 1, "excluded_lines": 0}, "missing_lines": [107], "excluded_lines": []}, "SummaryService.from_records": {"executed_lines": [116, 117, 121, 122], "summary": {"covered_lines": 4, "num_statements": 4, "percent_covered": 100.0, "percent_covered_display": "100", "missing_lines": 0, "excluded_lines": 0}, "missing_lines": [], "excluded_lines": []}, "SummaryService._apply_filters": {"executed_lines": [125, 126, 127, 128, 129, 131, 133], "summary": {"covered_lines": 7, "num_statements": 9, "percent_covered": 77.77777777777777, "percent_covered_display": "78", "missing_lines": 2, "excluded_lines": 0}, "missing_lines": [130, 132], "excluded_lines": []}, "SummaryService.summarize": {"executed_lines": [136, 137, 138, 139, 146, 147, 148, 152, 154, 156, 165, 166, 167, 168, 170, 171, 172, 174, 175, 176, 177, 178, 179, 181, 182, 183, 185, 190, 191, 205, 206, 212], "summary": {"covered_lines": 32, "num_statements": 36, "percent_covered": 88.88888888888889, "percent_covered_display": "89", "missing_lines": 4, "excluded_lines": 0}, "missing_lines": [150, 155, 157, 158], "excluded_lines": []}, "empty_service": {"executed_lines": [221], "summary": {"covered_lines": 1, "num_statements": 1, "percent_covered": 100.0, "percent_covered_display": "100", "missing_lines": 0, "excluded_lines": 0}, "missing_lines": [], "excluded_lines": []}, "": {"executed_lines": [1, 3, 5, 6, 8, 10, 13, 14, 15, 16, 17, 18, 19, 20, 23, 24, 25, 26, 27, 29, 37, 38, 39, 40, 41, 42, 43, 44, 45, 46, 47, 49, 65, 66, 67, 68, 69, 70, 72, 88, 89, 91, 109, 110, 124, 135, 220, 244], "summary": {"covered_lines": 46, "num_statements": 46, "percent_covered": 100.0, "percent_covered_display": "100", "missing_lines": 0, "excluded_lines": 0}, "missing_lines": [], "excluded_lines": []}}, "classes": {"SummaryFilters": {"executed_lines": [], "summary": {"covered_lines": 0, "num_statements": 0, "percent_covered": 100.0, "percent_covered_display": "100", "missing_lines": 0, "excluded_lines": 0}, "missing_lines": [], "excluded_lines": []}, "SummaryTotals": {"executed_lines": [30], "summary": {"covered_lines": 1, "num_statements": 1, "percent_covered": 100.0, "percent_covered_display": "100", "missing_lines": 0, "excluded_lines": 0}, "missing_lines": [], "excluded_lines": []}, "CETSummary": {"executed_lines": [50], "summary": {"covered_lines": 1, "num_statements": 1, "percent_covered": 100.0, "percent_covered_display": "100", "missing_lines": 0, "excluded_lines": 0}, "missing_lines": [], "excluded_lines": []}, "SummaryResponse": {"executed_lines": [73], "summary": {"covered_lines": 1, "num_statements": 1, "percent_covered": 100.0, "percent_covered_display": "100", "missing_lines": 0, "excluded_lines": 0}, "missing_lines": [], "excluded_lines": []}, "SummaryService": {"executed_lines": [97, 98, 99, 100, 101, 102, 105, 106, 116, 117, 121, 122, 125, 126, 127, 128, 129, 131, 133, 136, 137, 138, 139, 146, 147, 148, 152, 154, 156, 165, 166, 167, 168, 170, 171, 172, 174, 175, 176, 177, 178, 179, 181, 182, 183, 185, 190, 191, 205, 206, 212], "summary": {"covered_lines": 51, "num_statements": 58, "percent_covered": 87.93103448275862, "percent_covered_display": "88", "missing_lines": 7, "excluded_lines": 0}, "missing_lines": [107, 130, 132, 150, 155, 157, 158], "excluded_lines": []}, "": {"executed_lines": [1, 3, 5, 6, 8, 10, 13, 14, 15, 16, 17, 18, 19, 20, 23, 24, 25, 26, 27, 29, 37, 38, 39, 40, 41, 42, 43, 44, 45, 46, 47, 49, 65, 66, 67, 68, 69, 70, 72, 88, 89, 91, 109, 110, 124, 135, 220, 221, 244], "summary": {"covered_lines": 47, "num_statements": 47, "percent_covered": 100.0, "percent_covered_display": "100", "missing_lines": 0, "excluded_lines": 0}, "missing_lines": [], "excluded_lines": []}}}, "src/sbir_cet_classifier/models/__init__.py": {"executed_lines": [0], "summary": {"covered_lines": 0, "num_statements": 0, "percent_covered": 100.0, "percent_covered_display": "100", "missing_lines": 0, "excluded_lines": 0}, "missing_lines": [], "excluded_lines": [], "functions": {"": {"executed_lines": [], "summary": {"covered_lines": 0, "num_statements": 0, "percent_covered": 100.0, "percent_covered_display": "100", "missing_lines": 0, "excluded_lines": 0}, "missing_lines": [], "excluded_lines": []}}, "classes": {"": {"executed_lines": [], "summary": {"covered_lines": 0, "num_statements": 0, "percent_covered": 100.0, "percent_covered_display": "100", "missing_lines": 0, "excluded_lines": 0}, "missing_lines": [], "excluded_lines": []}}}, "src/sbir_cet_classifier/models/applicability.py": {"executed_lines": [1, 3, 5, 6, 8, 9, 10, 11, 12, 14, 21, 22, 23, 25, 26, 27, 30, 31, 32, 33, 34, 35, 36, 39, 40, 41, 42, 43, 44, 47, 48, 50, 51, 52, 53, 54, 55, 57, 58, 59, 60, 61, 62, 63, 65, 66, 75, 76, 77, 78, 80, 81, 83, 85, 86, 87, 88, 89, 90, 91, 92, 100, 101, 103, 105, 106, 107, 108, 109, 110, 111, 112, 113, 114, 115, 124, 126, 139, 176, 178, 179, 181, 183, 184, 185, 187, 190, 212, 214, 215, 217, 218, 219, 220, 222, 225], "summary": {"covered_lines": 91, "num_statements": 100, "percent_covered": 91.0, "percent_covered_display": "91", "missing_lines": 9, "excluded_lines": 6}, "missing_lines": [67, 71, 72, 73, 82, 102, 127, 128, 131], "excluded_lines": [83, 84, 103, 104, 129, 130], "functions": {"band_for_score": {"executed_lines": [40, 41, 42, 43, 44], "summary": {"covered_lines": 5, "num_statements": 5, "percent_covered": 100.0, "percent_covered_display": "100", "missing_lines": 0, "excluded_lines": 0}, "missing_lines": [], "excluded_lines": []}, "ApplicabilityModel.__init__": {"executed_lines": [51, 52, 53, 54, 55], "summary": {"covered_lines": 5, "num_statements": 5, "percent_covered": 100.0, "percent_covered_display": "100", "missing_lines": 0, "excluded_lines": 0}, "missing_lines": [], "excluded_lines": []}, "ApplicabilityModel.fit": {"executed_lines": [58, 59, 60, 61, 62, 63, 65, 66, 75, 76, 77, 78], "summary": {"covered_lines": 12, "num_statements": 16, "percent_covered": 75.0, "percent_covered_display": "75", "missing_lines": 4, "excluded_lines": 0}, "missing_lines": [67, 71, 72, 73], "excluded_lines": []}, "ApplicabilityModel.predict": {"executed_lines": [81, 83, 85, 86, 87, 88, 89, 90, 91, 92], "summary": {"covered_lines": 9, "num_statements": 10, "percent_covered": 90.0, "percent_covered_display": "90", "missing_lines": 1, "excluded_lines": 2}, "missing_lines": [82], "excluded_lines": [83, 84]}, "ApplicabilityModel.batch_predict": {"executed_lines": [101, 103, 105, 106, 107, 108, 109, 110, 111, 112, 113, 114, 115, 124], "summary": {"covered_lines": 13, "num_statements": 14, "percent_covered": 92.85714285714286, "percent_covered_display": "93", "missing_lines": 1, "excluded_lines": 2}, "missing_lines": [102], "excluded_lines": [103, 104]}, "ApplicabilityModel.export_bundle": {"executed_lines": [], "summary": {"covered_lines": 0, "num_statements": 3, "percent_covered": 0.0, "percent_covered_display": "0", "missing_lines": 3, "excluded_lines": 2}, "missing_lines": [127, 128, 131], "excluded_lines": [129, 130]}, "build_enriched_text": {"executed_lines": [176, 178, 179, 181, 183, 184, 185, 187], "summary": {"covered_lines": 8, "num_statements": 8, "percent_covered": 100.0, "percent_covered_display": "100", "missing_lines": 0, "excluded_lines": 0}, "missing_lines": [], "excluded_lines": []}, "prepare_award_text_for_classification": {"executed_lines": [212, 214, 215, 217, 218, 219, 220, 222], "summary": {"covered_lines": 8, "num_statements": 8, "percent_covered": 100.0, "percent_covered_display": "100", "missing_lines": 0, "excluded_lines": 0}, "missing_lines": [], "excluded_lines": []}, "": {"executed_lines": [1, 3, 5, 6, 8, 9, 10, 11, 12, 14, 21, 22, 23, 25, 26, 27, 30, 31, 32, 33, 34, 35, 36, 39, 47, 48, 50, 57, 80, 100, 126, 139, 190, 225], "summary": {"covered_lines": 31, "num_statements": 31, "percent_covered": 100.0, "percent_covered_display": "100", "missing_lines": 0, "excluded_lines": 0}, "missing_lines": [], "excluded_lines": []}}, "classes": {"TrainingExample": {"executed_lines": [], "summary": {"covered_lines": 0, "num_statements": 0, "percent_covered": 100.0, "percent_covered_display": "100", "missing_lines": 0, "excluded_lines": 0}, "missing_lines": [], "excluded_lines": []}, "ApplicabilityScore": {"executed_lines": [], "summary": {"covered_lines": 0, "num_statements": 0, "percent_covered": 100.0, "percent_covered_display": "100", "missing_lines": 0, "excluded_lines": 0}, "missing_lines": [], "excluded_lines": []}, "ApplicabilityModel": {"executed_lines": [51, 52, 53, 54, 55, 58, 59, 60, 61, 62, 63, 65, 66, 75, 76, 77, 78, 81, 83, 85, 86, 87, 88, 89, 90, 91, 92, 101, 103, 105, 106, 107, 108, 109, 110, 111, 112, 113, 114, 115, 124], "summary": {"covered_lines": 39, "num_statements": 48, "percent_covered": 81.25, "percent_covered_display": "81", "missing_lines": 9, "excluded_lines": 6}, "missing_lines": [67, 71, 72, 73, 82, 102, 127, 128, 131], "excluded_lines": [83, 84, 103, 104, 129, 130]}, "": {"executed_lines": [1, 3, 5, 6, 8, 9, 10, 11, 12, 14, 21, 22, 23, 25, 26, 27, 30, 31, 32, 33, 34, 35, 36, 39, 40, 41, 42, 43, 44, 47, 48, 50, 57, 80, 100, 126, 139, 176, 178, 179, 181, 183, 184, 185, 187, 190, 212, 214, 215, 217, 218, 219, 220, 222, 225], "summary": {"covered_lines": 52, "num_statements": 52, "percent_covered": 100.0, "percent_covered_display": "100", "missing_lines": 0, "excluded_lines": 0}, "missing_lines": [], "excluded_lines": []}}}, "src/sbir_cet_classifier/models/applicability_metrics.py": {"executed_lines": [1, 3, 5, 6, 7, 8, 9, 11, 12, 14, 17, 18, 19, 20, 21, 22, 23, 24, 26, 27, 37, 41, 42, 43, 44, 45, 46, 56, 57, 58, 59, 60, 61, 63, 64, 65, 66, 69], "summary": {"covered_lines": 37, "num_statements": 38, "percent_covered": 97.36842105263158, "percent_covered_display": "97", "missing_lines": 1, "excluded_lines": 0}, "missing_lines": [62], "excluded_lines": [], "functions": {"CoverageMetrics.as_dict": {"executed_lines": [27], "summary": {"covered_lines": 1, "num_statements": 1, "percent_covered": 100.0, "percent_covered_display": "100", "missing_lines": 0, "excluded_lines": 0}, "missing_lines": [], "excluded_lines": []}, "compute_metrics": {"executed_lines": [41, 42, 43, 44, 45, 46], "summary": {"covered_lines": 6, "num_statements": 6, "percent_covered": 100.0, "percent_covered_display": "100", "missing_lines": 0, "excluded_lines": 0}, "missing_lines": [], "excluded_lines": []}, "write_metrics": {"executed_lines": [57, 58, 59, 60, 61, 63, 64, 65, 66], "summary": {"covered_lines": 9, "num_statements": 10, "percent_covered": 90.0, "percent_covered_display": "90", "missing_lines": 1, "excluded_lines": 0}, "missing_lines": [62], "excluded_lines": []}, "": {"executed_lines": [1, 3, 5, 6, 7, 8, 9, 11, 12, 14, 17, 18, 19, 20, 21, 22, 23, 24, 26, 37, 56, 69], "summary": {"covered_lines": 21, "num_statements": 21, "percent_covered": 100.0, "percent_covered_display": "100", "missing_lines": 0, "excluded_lines": 0}, "missing_lines": [], "excluded_lines": []}}, "classes": {"CoverageMetrics": {"executed_lines": [27], "summary": {"covered_lines": 1, "num_statements": 1, "percent_covered": 100.0, "percent_covered_display": "100", "missing_lines": 0, "excluded_lines": 0}, "missing_lines": [], "excluded_lines": []}, "": {"executed_lines": [1, 3, 5, 6, 7, 8, 9, 11, 12, 14, 17, 18, 19, 20, 21, 22, 23, 24, 26, 37, 41, 42, 43, 44, 45, 46, 56, 57, 58, 59, 60, 61, 63, 64, 65, 66, 69], "summary": {"covered_lines": 36, "num_statements": 37, "percent_covered": 97.29729729729729, "percent_covered_display": "97", "missing_lines": 1, "excluded_lines": 0}, "missing_lines": [62], "excluded_lines": []}}}, "src/sbir_cet_classifier/models/enrichment_metrics.py": {"executed_lines": [1, 18, 20, 21, 22, 23, 24, 26, 28, 31, 34, 35, 36, 38, 39, 41, 42, 44, 45, 47, 48, 50, 51, 53, 54, 56, 57, 59, 60, 62, 64, 65, 67, 68, 70, 72, 73, 75, 77, 79, 80, 82, 84, 86, 87, 89, 91, 93, 95, 112, 113, 114, 116, 117, 119, 120, 122, 123, 125, 126, 128, 129, 131, 132, 134, 135, 137, 139, 162, 163, 175, 187, 188, 189, 190, 192, 193, 194, 195, 197, 199, 201, 202, 204, 206, 207, 208, 210, 216, 217, 219, 224, 230, 231, 233, 238, 252, 254, 255, 257, 259, 261, 271, 277, 279, 280, 282, 284, 289, 295, 305, 307, 319, 321, 332, 333, 335, 350, 353, 359, 360, 362, 367, 370], "summary": {"covered_lines": 120, "num_statements": 150, "percent_covered": 80.0, "percent_covered_display": "80", "missing_lines": 30, "excluded_lines": 0}, "missing_lines": [61, 69, 76, 83, 90, 336, 337, 338, 339, 340, 341, 342, 343, 344, 386, 388, 389, 390, 392, 393, 394, 396, 397, 398, 399, 401, 402, 404, 405, 406], "excluded_lines": [], "functions": {"APISourceMetrics.cache_hit_rate": {"executed_lines": [59, 60, 62], "summary": {"covered_lines": 3, "num_statements": 4, "percent_covered": 75.0, "percent_covered_display": "75", "missing_lines": 1, "excluded_lines": 0}, "missing_lines": [61], "excluded_lines": []}, "APISourceMetrics.success_rate": {"executed_lines": [67, 68, 70], "summary": {"covered_lines": 3, "num_statements": 4, "percent_covered": 75.0, "percent_covered_display": "75", "missing_lines": 1, "excluded_lines": 0}, "missing_lines": [69], "excluded_lines": []}, "APISourceMetrics.latency_p50": {"executed_lines": [75, 77], "summary": {"covered_lines": 2, "num_statements": 3, "percent_covered": 66.66666666666667, "percent_covered_display": "67", "missing_lines": 1, "excluded_lines": 0}, "missing_lines": [76], "excluded_lines": []}, "APISourceMetrics.latency_p95": {"executed_lines": [82, 84], "summary": {"covered_lines": 2, "num_statements": 3, "percent_covered": 66.66666666666667, "percent_covered_display": "67", "missing_lines": 1, "excluded_lines": 0}, "missing_lines": [83], "excluded_lines": []}, "APISourceMetrics.latency_p99": {"executed_lines": [89, 91], "summary": {"covered_lines": 2, "num_statements": 3, "percent_covered": 66.66666666666667, "percent_covered_display": "67", "missing_lines": 1, "excluded_lines": 0}, "missing_lines": [90], "excluded_lines": []}, "APISourceMetrics.to_dict": {"executed_lines": [95], "summary": {"covered_lines": 1, "num_statements": 1, "percent_covered": 100.0, "percent_covered_display": "100", "missing_lines": 0, "excluded_lines": 0}, "missing_lines": [], "excluded_lines": []}, "EnrichmentRun.to_dict": {"executed_lines": [139], "summary": {"covered_lines": 1, "num_statements": 1, "percent_covered": 100.0, "percent_covered_display": "100", "missing_lines": 0, "excluded_lines": 0}, "missing_lines": [], "excluded_lines": []}, "EnrichmentMetrics.__init__": {"executed_lines": [187, 188, 189, 190, 192, 193, 194, 195, 197], "summary": {"covered_lines": 9, "num_statements": 9, "percent_covered": 100.0, "percent_covered_display": "100", "missing_lines": 0, "excluded_lines": 0}, "missing_lines": [], "excluded_lines": []}, "EnrichmentMetrics._generate_run_id": {"executed_lines": [201, 202], "summary": {"covered_lines": 2, "num_statements": 2, "percent_covered": 100.0, "percent_covered_display": "100", "missing_lines": 0, "excluded_lines": 0}, "missing_lines": [], "excluded_lines": []}, "EnrichmentMetrics._get_or_create_api_metrics": {"executed_lines": [206, 207, 208], "summary": {"covered_lines": 3, "num_statements": 3, "percent_covered": 100.0, "percent_covered_display": "100", "missing_lines": 0, "excluded_lines": 0}, "missing_lines": [], "excluded_lines": []}, "EnrichmentMetrics.record_cache_hit": {"executed_lines": [216, 217, 219], "summary": {"covered_lines": 3, "num_statements": 3, "percent_covered": 100.0, "percent_covered_display": "100", "missing_lines": 0, "excluded_lines": 0}, "missing_lines": [], "excluded_lines": []}, "EnrichmentMetrics.record_cache_miss": {"executed_lines": [230, 231, 233], "summary": {"covered_lines": 3, "num_statements": 3, "percent_covered": 100.0, "percent_covered_display": "100", "missing_lines": 0, "excluded_lines": 0}, "missing_lines": [], "excluded_lines": []}, "EnrichmentMetrics.record_api_call": {"executed_lines": [252, 254, 255, 257, 259, 261], "summary": {"covered_lines": 6, "num_statements": 6, "percent_covered": 100.0, "percent_covered_display": "100", "missing_lines": 0, "excluded_lines": 0}, "missing_lines": [], "excluded_lines": []}, "EnrichmentMetrics.record_award_processed": {"executed_lines": [277, 279, 280, 282, 284], "summary": {"covered_lines": 5, "num_statements": 5, "percent_covered": 100.0, "percent_covered_display": "100", "missing_lines": 0, "excluded_lines": 0}, "missing_lines": [], "excluded_lines": []}, "EnrichmentMetrics.get_summary": {"executed_lines": [295, 305], "summary": {"covered_lines": 2, "num_statements": 2, "percent_covered": 100.0, "percent_covered_display": "100", "missing_lines": 0, "excluded_lines": 0}, "missing_lines": [], "excluded_lines": []}, "EnrichmentMetrics.flush": {"executed_lines": [319, 321, 332, 333, 335, 350, 353, 359, 360, 362, 367], "summary": {"covered_lines": 11, "num_statements": 20, "percent_covered": 55.0, "percent_covered_display": "55", "missing_lines": 9, "excluded_lines": 0}, "missing_lines": [336, 337, 338, 339, 340, 341, 342, 343, 344], "excluded_lines": []}, "load_enrichment_metrics": {"executed_lines": [], "summary": {"covered_lines": 0, "num_statements": 16, "percent_covered": 0.0, "percent_covered_display": "0", "missing_lines": 16, "excluded_lines": 0}, "missing_lines": [386, 388, 389, 390, 392, 393, 394, 396, 397, 398, 399, 401, 402, 404, 405, 406], "excluded_lines": []}, "": {"executed_lines": [1, 18, 20, 21, 22, 23, 24, 26, 28, 31, 34, 35, 36, 38, 39, 41, 42, 44, 45, 47, 48, 50, 51, 53, 54, 56, 57, 64, 65, 72, 73, 79, 80, 86, 87, 93, 112, 113, 114, 116, 117, 119, 120, 122, 123, 125, 126, 128, 129, 131, 132, 134, 135, 137, 162, 163, 175, 199, 204, 210, 224, 238, 271, 289, 307, 370], "summary": {"covered_lines": 62, "num_statements": 62, "percent_covered": 100.0, "percent_covered_display": "100", "missing_lines": 0, "excluded_lines": 0}, "missing_lines": [], "excluded_lines": []}}, "classes": {"APISourceMetrics": {"executed_lines": [59, 60, 62, 67, 68, 70, 75, 77, 82, 84, 89, 91, 95], "summary": {"covered_lines": 13, "num_statements": 18, "percent_covered": 72.22222222222223, "percent_covered_display": "72", "missing_lines": 5, "excluded_lines": 0}, "missing_lines": [61, 69, 76, 83, 90], "excluded_lines": []}, "EnrichmentRun": {"executed_lines": [139], "summary": {"covered_lines": 1, "num_statements": 1, "percent_covered": 100.0, "percent_covered_display": "100", "missing_lines": 0, "excluded_lines": 0}, "missing_lines": [], "excluded_lines": []}, "EnrichmentMetrics": {"executed_lines": [187, 188, 189, 190, 192, 193, 194, 195, 197, 201, 202, 206, 207, 208, 216, 217, 219, 230, 231, 233, 252, 254, 255, 257, 259, 261, 277, 279, 280, 282, 284, 295, 305, 319, 321, 332, 333, 335, 350, 353, 359, 360, 362, 367], "summary": {"covered_lines": 44, "num_statements": 53, "percent_covered": 83.01886792452831, "percent_covered_display": "83", "missing_lines": 9, "excluded_lines": 0}, "missing_lines": [336, 337, 338, 339, 340, 341, 342, 343, 344], "excluded_lines": []}, "": {"executed_lines": [1, 18, 20, 21, 22, 23, 24, 26, 28, 31, 34, 35, 36, 38, 39, 41, 42, 44, 45, 47, 48, 50, 51, 53, 54, 56, 57, 64, 65, 72, 73, 79, 80, 86, 87, 93, 112, 113, 114, 116, 117, 119, 120, 122, 123, 125, 126, 128, 129, 131, 132, 134, 135, 137, 162, 163, 175, 199, 204, 210, 224, 238, 271, 289, 307, 370], "summary": {"covered_lines": 62, "num_statements": 78, "percent_covered": 79.48717948717949, "percent_covered_display": "79", "missing_lines": 16, "excluded_lines": 0}, "missing_lines": [386, 388, 389, 390, 392, 393, 394, 396, 397, 398, 399, 401, 402, 404, 405, 406], "excluded_lines": []}}}}, "totals": {"covered_lines": 2133, "num_statements": 2590, "percent_covered": 82.35521235521236, "percent_covered_display": "82", "missing_lines": 457, "excluded_lines": 42}}